#
# There is insufficient memory for the Java Runtime Environment to continue.
# Native memory allocation (malloc) failed to allocate 985056 bytes for Chunk::new
# Possible reasons:
#   The system is out of physical RAM or swap space
#   The process is running with CompressedOops enabled, and the Java Heap may be blocking the growth of the native heap
# Possible solutions:
#   Reduce memory load on the system
#   Increase physical memory or swap space
#   Check if swap backing store is full
#   Decrease Java heap size (-Xmx/-Xms)
#   Decrease number of Java threads
#   Decrease Java thread stack sizes (-Xss)
#   Set larger code cache with -XX:ReservedCodeCacheSize=
#   JVM is running with Unscaled Compressed Oops mode in which the Java heap is
#     placed in the first 4GB address space. The Java Heap base address is the
#     maximum limit for the native heap growth. Please use -XX:HeapBaseMinAddress
#     to set the Java Heap base and to place the Java Heap above 4GB virtual address.
# This output file may be truncated or incomplete.
#
#  Out of Memory Error (allocation.cpp:389), pid=580, tid=0x00000000000006b0
#
# JRE version: Java(TM) SE Runtime Environment (8.0_333-b02) (build 1.8.0_333-b02)
# Java VM: Java HotSpot(TM) 64-Bit Server VM (25.333-b02 mixed mode windows-amd64 compressed oops)
# Failed to write core dump. Minidumps are not enabled by default on client versions of Windows
#

---------------  T H R E A D  ---------------

Current thread (0x00000146a13e3000):  JavaThread "C2 CompilerThread0" daemon [_thread_in_native, id=1712, stack(0x000000156b700000,0x000000156b800000)]

Stack: [0x000000156b700000,0x000000156b800000]
Native frames: (J=compiled Java code, j=interpreted, Vv=VM code, C=native code)
V  [jvm.dll+0x32fc49]
V  [jvm.dll+0x2761a2]
V  [jvm.dll+0x276e4d]
V  [jvm.dll+0x26d7f5]
V  [jvm.dll+0xd5a0c]
V  [jvm.dll+0xd620c]
V  [jvm.dll+0x4541c2]
V  [jvm.dll+0x48f27d]
V  [jvm.dll+0x443779]
V  [jvm.dll+0x440ffb]
V  [jvm.dll+0x42becb]
V  [jvm.dll+0xac68b]
V  [jvm.dll+0xaaceb]
V  [jvm.dll+0x23e6f2]
V  [jvm.dll+0x292edc]
C  [ucrtbase.dll+0x21bb2]
C  [KERNEL32.DLL+0x17034]
C  [ntdll.dll+0x52651]


Current CompileTask:
C2:   4307 4126       4       java.net.URLClassLoader$1::run (5 bytes)


---------------  P R O C E S S  ---------------

Java Threads: ( => current thread )
  0x00000146a5aa1800 JavaThread "Druid-ConnectionPool-Destroy-702392974" daemon [_thread_blocked, id=8000, stack(0x000000156c100000,0x000000156c200000)]
  0x00000146a5aa0800 JavaThread "Druid-ConnectionPool-Create-702392974" daemon [_thread_in_vm, id=13500, stack(0x000000156c000000,0x000000156c100000)]
  0x00000146a4848800 JavaThread "Abandoned connection cleanup thread" daemon [_thread_blocked, id=11444, stack(0x000000156bf00000,0x000000156c000000)]
  0x00000146a484a800 JavaThread "container-0" [_thread_blocked, id=4036, stack(0x000000156be00000,0x000000156bf00000)]
  0x00000146a484a000 JavaThread "Catalina-utility-2" [_thread_blocked, id=10208, stack(0x000000156bd00000,0x000000156be00000)]
  0x00000146a4849000 JavaThread "Catalina-utility-1" [_thread_blocked, id=13920, stack(0x000000156bc00000,0x000000156bd00000)]
  0x00000146a141a800 JavaThread "Service Thread" daemon [_thread_blocked, id=10460, stack(0x000000156ba00000,0x000000156bb00000)]
  0x00000146a13ea000 JavaThread "C1 CompilerThread2" daemon [_thread_blocked, id=13576, stack(0x000000156b900000,0x000000156ba00000)]
  0x00000146a13e4000 JavaThread "C2 CompilerThread1" daemon [_thread_in_native, id=2172, stack(0x000000156b800000,0x000000156b900000)]
=>0x00000146a13e3000 JavaThread "C2 CompilerThread0" daemon [_thread_in_native, id=1712, stack(0x000000156b700000,0x000000156b800000)]
  0x00000146a13e1800 JavaThread "Monitor Ctrl-Break" daemon [_thread_in_native, id=8284, stack(0x000000156b600000,0x000000156b700000)]
  0x000001469f909800 JavaThread "Attach Listener" daemon [_thread_blocked, id=5624, stack(0x000000156b500000,0x000000156b600000)]
  0x000001469f8e5800 JavaThread "Signal Dispatcher" daemon [_thread_blocked, id=13700, stack(0x000000156b400000,0x000000156b500000)]
  0x000001469f873000 JavaThread "Finalizer" daemon [_thread_blocked, id=1276, stack(0x000000156b300000,0x000000156b400000)]
  0x000001469f86b000 JavaThread "Reference Handler" daemon [_thread_blocked, id=10404, stack(0x000000156b200000,0x000000156b300000)]
  0x000001468972d000 JavaThread "main" [_thread_blocked, id=8056, stack(0x000000156aa00000,0x000000156ab00000)]

Other Threads:
  0x000001469f841800 VMThread [stack: 0x000000156b100000,0x000000156b200000] [id=13828]
  0x00000146a14d9800 WatcherThread [stack: 0x000000156bb00000,0x000000156bc00000] [id=12396]

VM state:not at safepoint (normal execution)

VM Mutex/Monitor currently owned by a thread: None

heap address: 0x0000000082c00000, size: 2004 MB, Compressed Oops mode: 32-bit
Narrow klass base: 0x0000000000000000, Narrow klass shift: 3
Compressed class space size: 1073741824 Address: 0x0000000100000000

Heap:
 PSYoungGen      total 267776K, used 86354K [0x00000000d6400000, 0x00000000e8480000, 0x0000000100000000)
  eden space 242176K, 35% used [0x00000000d6400000,0x00000000db854b28,0x00000000e5080000)
  from space 25600K, 0% used [0x00000000e6b80000,0x00000000e6b80000,0x00000000e8480000)
  to   space 26624K, 0% used [0x00000000e5080000,0x00000000e5080000,0x00000000e6a80000)
 ParOldGen       total 53760K, used 19533K [0x0000000082c00000, 0x0000000086080000, 0x00000000d6400000)
  object space 53760K, 36% used [0x0000000082c00000,0x0000000083f134f8,0x0000000086080000)
 Metaspace       used 40329K, capacity 42394K, committed 42624K, reserved 1087488K
  class space    used 5039K, capacity 5381K, committed 5504K, reserved 1048576K

Card table byte_map: [0x000001469a530000,0x000001469a920000] byte_map_base: 0x000001469a11a000

Marking Bits: (ParMarkBitMap*) 0x0000000066f59030
 Begin Bits: [0x000001469abc0000, 0x000001469cb10000)
 End Bits:   [0x000001469cb10000, 0x000001469ea60000)

Polling page: 0x0000014689930000

CodeCache: size=245760Kb used=13409Kb max_used=15215Kb free=232350Kb
 bounds [0x000001468b170000, 0x000001468c060000, 0x000001469a170000]
 total_blobs=4203 nmethods=3733 adapters=382
 compilation: enabled

Compilation events (10 events):
Event: 4.256 Thread 0x00000146a13ea000 4141       1       com.mysql.jdbc.ConnectionPropertiesImpl$ConnectionProperty::getValueAsObject (5 bytes)
Event: 4.256 Thread 0x00000146a13ea000 nmethod 4141 0x000001468b4b5510 code [0x000001468b4b5660, 0x000001468b4b5778]
Event: 4.256 Thread 0x00000146a13ea000 4143       3       java.lang.reflect.AccessibleObject::checkAccess (96 bytes)
Event: 4.256 Thread 0x00000146a13ea000 nmethod 4143 0x000001468b2e03d0 code [0x000001468b2e0580, 0x000001468b2e0d30]
Event: 4.256 Thread 0x00000146a13e3000 nmethod 4060 0x000001468b3a2610 code [0x000001468b3a29e0, 0x000001468b3a47f8]
Event: 4.256 Thread 0x00000146a13e3000 4132       4       java.lang.reflect.Modifier::isStatic (13 bytes)
Event: 4.257 Thread 0x00000146a13e3000 nmethod 4132 0x000001468b558910 code [0x000001468b558a40, 0x000001468b558a98]
Event: 4.257 Thread 0x00000146a13e3000 4126       4       java.net.URLClassLoader$1::run (5 bytes)
Event: 4.270 Thread 0x00000146a13ea000 4144       3       java.lang.ThreadLocal$ThreadLocalMap::getEntryAfterMiss (63 bytes)
Event: 4.270 Thread 0x00000146a13ea000 nmethod 4144 0x000001468b56ead0 code [0x000001468b56ec60, 0x000001468b56f1d0]

GC Heap History (10 events):
Event: 1.948 GC heap before
{Heap before GC invocations=8 (full 1):
 PSYoungGen      total 116224K, used 114429K [0x00000000d6400000, 0x00000000dde00000, 0x0000000100000000)
  eden space 107520K, 100% used [0x00000000d6400000,0x00000000dcd00000,0x00000000dcd00000)
  from space 8704K, 79% used [0x00000000dd580000,0x00000000ddc3f700,0x00000000dde00000)
  to   space 8704K, 0% used [0x00000000dcd00000,0x00000000dcd00000,0x00000000dd580000)
 ParOldGen       total 53760K, used 6953K [0x0000000082c00000, 0x0000000086080000, 0x00000000d6400000)
  object space 53760K, 12% used [0x0000000082c00000,0x00000000832ca598,0x0000000086080000)
 Metaspace       used 22143K, capacity 23080K, committed 23296K, reserved 1069056K
  class space    used 2744K, capacity 2950K, committed 3072K, reserved 1048576K
Event: 1.965 GC heap after
Heap after GC invocations=8 (full 1):
 PSYoungGen      total 116224K, used 8702K [0x00000000d6400000, 0x00000000e3180000, 0x0000000100000000)
  eden space 107520K, 0% used [0x00000000d6400000,0x00000000d6400000,0x00000000dcd00000)
  from space 8704K, 99% used [0x00000000dcd00000,0x00000000dd57f8a0,0x00000000dd580000)
  to   space 15872K, 0% used [0x00000000e2200000,0x00000000e2200000,0x00000000e3180000)
 ParOldGen       total 53760K, used 20220K [0x0000000082c00000, 0x0000000086080000, 0x00000000d6400000)
  object space 53760K, 37% used [0x0000000082c00000,0x0000000083fbf1f8,0x0000000086080000)
 Metaspace       used 22143K, capacity 23080K, committed 23296K, reserved 1069056K
  class space    used 2744K, capacity 2950K, committed 3072K, reserved 1048576K
}
Event: 2.268 GC heap before
{Heap before GC invocations=9 (full 1):
 PSYoungGen      total 116224K, used 116222K [0x00000000d6400000, 0x00000000e3180000, 0x0000000100000000)
  eden space 107520K, 100% used [0x00000000d6400000,0x00000000dcd00000,0x00000000dcd00000)
  from space 8704K, 99% used [0x00000000dcd00000,0x00000000dd57f8a0,0x00000000dd580000)
  to   space 15872K, 0% used [0x00000000e2200000,0x00000000e2200000,0x00000000e3180000)
 ParOldGen       total 53760K, used 20220K [0x0000000082c00000, 0x0000000086080000, 0x00000000d6400000)
  object space 53760K, 37% used [0x0000000082c00000,0x0000000083fbf1f8,0x0000000086080000)
 Metaspace       used 22178K, capacity 23144K, committed 23296K, reserved 1069056K
  class space    used 2753K, capacity 2950K, committed 3072K, reserved 1048576K
Event: 2.282 GC heap after
Heap after GC invocations=9 (full 1):
 PSYoungGen      total 189952K, used 15846K [0x00000000d6400000, 0x00000000e3c80000, 0x0000000100000000)
  eden space 174080K, 0% used [0x00000000d6400000,0x00000000d6400000,0x00000000e0e00000)
  from space 15872K, 99% used [0x00000000e2200000,0x00000000e31799e0,0x00000000e3180000)
  to   space 20480K, 0% used [0x00000000e0e00000,0x00000000e0e00000,0x00000000e2200000)
 ParOldGen       total 53760K, used 24708K [0x0000000082c00000, 0x0000000086080000, 0x00000000d6400000)
  object space 53760K, 45% used [0x0000000082c00000,0x00000000844210d8,0x0000000086080000)
 Metaspace       used 22178K, capacity 23144K, committed 23296K, reserved 1069056K
  class space    used 2753K, capacity 2950K, committed 3072K, reserved 1048576K
}
Event: 3.393 GC heap before
{Heap before GC invocations=10 (full 1):
 PSYoungGen      total 189952K, used 189926K [0x00000000d6400000, 0x00000000e3c80000, 0x0000000100000000)
  eden space 174080K, 100% used [0x00000000d6400000,0x00000000e0e00000,0x00000000e0e00000)
  from space 15872K, 99% used [0x00000000e2200000,0x00000000e31799e0,0x00000000e3180000)
  to   space 20480K, 0% used [0x00000000e0e00000,0x00000000e0e00000,0x00000000e2200000)
 ParOldGen       total 53760K, used 24708K [0x0000000082c00000, 0x0000000086080000, 0x00000000d6400000)
  object space 53760K, 45% used [0x0000000082c00000,0x00000000844210d8,0x0000000086080000)
 Metaspace       used 31869K, capacity 33460K, committed 33664K, reserved 1079296K
  class space    used 3904K, capacity 4184K, committed 4224K, reserved 1048576K
Event: 3.418 GC heap after
Heap after GC invocations=10 (full 1):
 PSYoungGen      total 194560K, used 20457K [0x00000000d6400000, 0x00000000e8600000, 0x0000000100000000)
  eden space 174080K, 0% used [0x00000000d6400000,0x00000000d6400000,0x00000000e0e00000)
  from space 20480K, 99% used [0x00000000e0e00000,0x00000000e21fa6d0,0x00000000e2200000)
  to   space 27136K, 0% used [0x00000000e6b80000,0x00000000e6b80000,0x00000000e8600000)
 ParOldGen       total 53760K, used 34388K [0x0000000082c00000, 0x0000000086080000, 0x00000000d6400000)
  object space 53760K, 63% used [0x0000000082c00000,0x0000000084d95280,0x0000000086080000)
 Metaspace       used 31869K, capacity 33460K, committed 33664K, reserved 1079296K
  class space    used 3904K, capacity 4184K, committed 4224K, reserved 1048576K
}
Event: 3.639 GC heap before
{Heap before GC invocations=11 (full 1):
 PSYoungGen      total 194560K, used 37373K [0x00000000d6400000, 0x00000000e8600000, 0x0000000100000000)
  eden space 174080K, 9% used [0x00000000d6400000,0x00000000d7484e60,0x00000000e0e00000)
  from space 20480K, 99% used [0x00000000e0e00000,0x00000000e21fa6d0,0x00000000e2200000)
  to   space 27136K, 0% used [0x00000000e6b80000,0x00000000e6b80000,0x00000000e8600000)
 ParOldGen       total 53760K, used 34388K [0x0000000082c00000, 0x0000000086080000, 0x00000000d6400000)
  object space 53760K, 63% used [0x0000000082c00000,0x0000000084d95280,0x0000000086080000)
 Metaspace       used 33639K, capacity 35334K, committed 35416K, reserved 1081344K
  class space    used 4139K, capacity 4443K, committed 4480K, reserved 1048576K
Event: 3.646 GC heap after
Heap after GC invocations=11 (full 1):
 PSYoungGen      total 267776K, used 7815K [0x00000000d6400000, 0x00000000e8480000, 0x0000000100000000)
  eden space 242176K, 0% used [0x00000000d6400000,0x00000000d6400000,0x00000000e5080000)
  from space 25600K, 30% used [0x00000000e6b80000,0x00000000e7321c48,0x00000000e8480000)
  to   space 26624K, 0% used [0x00000000e5080000,0x00000000e5080000,0x00000000e6a80000)
 ParOldGen       total 53760K, used 37068K [0x0000000082c00000, 0x0000000086080000, 0x00000000d6400000)
  object space 53760K, 68% used [0x0000000082c00000,0x00000000850332a0,0x0000000086080000)
 Metaspace       used 33639K, capacity 35334K, committed 35416K, reserved 1081344K
  class space    used 4139K, capacity 4443K, committed 4480K, reserved 1048576K
}
Event: 3.646 GC heap before
{Heap before GC invocations=12 (full 2):
 PSYoungGen      total 267776K, used 7815K [0x00000000d6400000, 0x00000000e8480000, 0x0000000100000000)
  eden space 242176K, 0% used [0x00000000d6400000,0x00000000d6400000,0x00000000e5080000)
  from space 25600K, 30% used [0x00000000e6b80000,0x00000000e7321c48,0x00000000e8480000)
  to   space 26624K, 0% used [0x00000000e5080000,0x00000000e5080000,0x00000000e6a80000)
 ParOldGen       total 53760K, used 37068K [0x0000000082c00000, 0x0000000086080000, 0x00000000d6400000)
  object space 53760K, 68% used [0x0000000082c00000,0x00000000850332a0,0x0000000086080000)
 Metaspace       used 33639K, capacity 35334K, committed 35416K, reserved 1081344K
  class space    used 4139K, capacity 4443K, committed 4480K, reserved 1048576K
Event: 3.698 GC heap after
Heap after GC invocations=12 (full 2):
 PSYoungGen      total 267776K, used 0K [0x00000000d6400000, 0x00000000e8480000, 0x0000000100000000)
  eden space 242176K, 0% used [0x00000000d6400000,0x00000000d6400000,0x00000000e5080000)
  from space 25600K, 0% used [0x00000000e6b80000,0x00000000e6b80000,0x00000000e8480000)
  to   space 26624K, 0% used [0x00000000e5080000,0x00000000e5080000,0x00000000e6a80000)
 ParOldGen       total 53760K, used 19533K [0x0000000082c00000, 0x0000000086080000, 0x00000000d6400000)
  object space 53760K, 36% used [0x0000000082c00000,0x0000000083f134f8,0x0000000086080000)
 Metaspace       used 33639K, capacity 35334K, committed 35416K, reserved 1081344K
  class space    used 4139K, capacity 4443K, committed 4480K, reserved 1048576K
}

Deoptimization events (10 events):
Event: 4.041 Thread 0x000001468972d000 Uncommon trap: reason=unstable_if action=reinterpret pc=0x000001468b997578 method=org.springframework.util.ResourceUtils.isFileURL(Ljava/net/URL;)Z @ 11
Event: 4.051 Thread 0x000001468972d000 Uncommon trap: reason=unstable_if action=reinterpret pc=0x000001468b90d3fc method=java.util.concurrent.ConcurrentHashMap.transfer([Ljava/util/concurrent/ConcurrentHashMap$Node;[Ljava/util/concurrent/ConcurrentHashMap$Node;)V @ 356
Event: 4.052 Thread 0x000001468972d000 Uncommon trap: reason=unstable_if action=reinterpret pc=0x000001468b5866c8 method=java.util.concurrent.ConcurrentHashMap.transfer([Ljava/util/concurrent/ConcurrentHashMap$Node;[Ljava/util/concurrent/ConcurrentHashMap$Node;)V @ 356
Event: 4.066 Thread 0x000001468972d000 Uncommon trap: reason=unstable_if action=reinterpret pc=0x000001468bf049a8 method=sun.reflect.annotation.AnnotationInvocationHandler.invoke(Ljava/lang/Object;Ljava/lang/reflect/Method;[Ljava/lang/Object;)Ljava/lang/Object; @ 19
Event: 4.075 Thread 0x000001468972d000 Uncommon trap: reason=unstable_if action=reinterpret pc=0x000001468bc163ec method=java.util.Properties.load0(Ljava/util/Properties$LineReader;)V @ 80
Event: 4.192 Thread 0x00000146a5aa0800 Uncommon trap: reason=unstable_if action=reinterpret pc=0x000001468b4674c4 method=sun.nio.cs.UTF_8$Decoder.decode([BII[C)I @ 30
Event: 4.193 Thread 0x00000146a5aa0800 Uncommon trap: reason=unstable_if action=reinterpret pc=0x000001468be9ddb8 method=java.util.Properties.getProperty(Ljava/lang/String;)Ljava/lang/String; @ 30
Event: 4.242 Thread 0x00000146a5aa0800 Uncommon trap: reason=unstable_if action=reinterpret pc=0x000001468b2ad23c method=java.lang.Class.arrayContentsEq([Ljava/lang/Object;[Ljava/lang/Object;)Z @ 1
Event: 4.268 Thread 0x00000146a5aa0800 Uncommon trap: reason=unstable_if action=reinterpret pc=0x000001468b8eb4e8 method=java.lang.CharacterDataLatin1.digit(II)I @ 31
Event: 4.269 Thread 0x00000146a5aa0800 Uncommon trap: reason=unstable_if action=reinterpret pc=0x000001468bc663e0 method=java.net.URI.match(CJJ)Z @ 45

Classes redefined (0 events):
No events

Internal exceptions (10 events):
Event: 3.889 Thread 0x000001468972d000 Exception <a 'java/lang/ClassNotFoundException': org/springframework/web/context/ServletContextAwareCustomizer> (0x00000000d886aac8) thrown at [C:\jenkins\workspace\8-2-build-windows-amd64-cygwin\jdk8u333\2551\hotspot\src\share\vm\classfile\systemDictiona
Event: 3.889 Thread 0x000001468972d000 Exception <a 'java/lang/ClassNotFoundException': org/springframework/beans/factory/AwareCustomizer> (0x00000000d8880548) thrown at [C:\jenkins\workspace\8-2-build-windows-amd64-cygwin\jdk8u333\2551\hotspot\src\share\vm\classfile\systemDictionary.cpp, line
Event: 4.032 Thread 0x000001468972d000 Exception <a 'java/lang/IncompatibleClassChangeError': Found class java.lang.Object, but interface was expected> (0x00000000d99aa280) thrown at [C:\jenkins\workspace\8-2-build-windows-amd64-cygwin\jdk8u333\2551\hotspot\src\share\vm\interpreter\linkResolve
Event: 4.153 Thread 0x000001468972d000 Exception <a 'java/lang/ClassNotFoundException': java/lang/ObjectCustomizer> (0x00000000da7d9bb8) thrown at [C:\jenkins\workspace\8-2-build-windows-amd64-cygwin\jdk8u333\2551\hotspot\src\share\vm\classfile\systemDictionary.cpp, line 212]
Event: 4.153 Thread 0x000001468972d000 Exception <a 'java/lang/ClassNotFoundException': org/springframework/dao/support/DaoSupportCustomizer> (0x00000000da7f2e10) thrown at [C:\jenkins\workspace\8-2-build-windows-amd64-cygwin\jdk8u333\2551\hotspot\src\share\vm\classfile\systemDictionary.cpp, l
Event: 4.153 Thread 0x000001468972d000 Exception <a 'java/lang/ClassNotFoundException': org/beetl/sql/ext/spring4/BeetlSqlDaoSupportCustomizer> (0x00000000da80a778) thrown at [C:\jenkins\workspace\8-2-build-windows-amd64-cygwin\jdk8u333\2551\hotspot\src\share\vm\classfile\systemDictionary.cpp,
Event: 4.153 Thread 0x000001468972d000 Exception <a 'java/lang/ClassNotFoundException': org/beetl/sql/ext/spring4/BeetlSqlFactoryBeanCustomizer> (0x00000000da824468) thrown at [C:\jenkins\workspace\8-2-build-windows-amd64-cygwin\jdk8u333\2551\hotspot\src\share\vm\classfile\systemDictionary.cpp
Event: 4.154 Thread 0x000001468972d000 Exception <a 'java/lang/ClassNotFoundException': org/springframework/beans/factory/FactoryBeanCustomizer> (0x00000000da844a98) thrown at [C:\jenkins\workspace\8-2-build-windows-amd64-cygwin\jdk8u333\2551\hotspot\src\share\vm\classfile\systemDictionary.cpp
Event: 4.154 Thread 0x000001468972d000 Exception <a 'java/lang/ClassNotFoundException': org/springframework/beans/factory/InitializingBeanCustomizer> (0x00000000da860680) thrown at [C:\jenkins\workspace\8-2-build-windows-amd64-cygwin\jdk8u333\2551\hotspot\src\share\vm\classfile\systemDictionar
Event: 4.242 Thread 0x00000146a5aa0800 Implicit null exception at 0x000001468b2acf99 to 0x000001468b2ad211

Events (10 events):
Event: 4.272 loading class java/security/DigestException
Event: 4.272 loading class java/security/DigestException done
Event: 4.272 loading class com/mysql/jdbc/authentication/CachingSha2PasswordPlugin$AuthStage
Event: 4.272 loading class com/mysql/jdbc/authentication/CachingSha2PasswordPlugin$AuthStage done
Event: 4.273 loading class com/mysql/jdbc/Security
Event: 4.273 loading class com/mysql/jdbc/Security done
Event: 4.273 loading class com/mysql/jdbc/AssertionFailedException
Event: 4.273 loading class com/mysql/jdbc/AssertionFailedException done
Event: 4.274 loading class sun/nio/cs/US_ASCII$Encoder
Event: 4.274 loading class sun/nio/cs/US_ASCII$Encoder done


Dynamic libraries:
0x00007ff7a0210000 - 0x00007ff7a0257000 	C:\Program Files\Java\jdk1.8.0\bin\java.exe
0x00007ffb20590000 - 0x00007ffb20787000 	C:\Windows\SYSTEM32\ntdll.dll
0x00007ffb1f1c0000 - 0x00007ffb1f27d000 	C:\Windows\System32\KERNEL32.DLL
0x00007ffb1e060000 - 0x00007ffb1e32d000 	C:\Windows\System32\KERNELBASE.dll
0x00007ffb1ecc0000 - 0x00007ffb1ed6e000 	C:\Windows\System32\ADVAPI32.dll
0x00007ffb20290000 - 0x00007ffb2032e000 	C:\Windows\System32\msvcrt.dll
0x00007ffb1e760000 - 0x00007ffb1e7fc000 	C:\Windows\System32\sechost.dll
0x00007ffb1ea00000 - 0x00007ffb1eb25000 	C:\Windows\System32\RPCRT4.dll
0x00007ffb1e860000 - 0x00007ffb1ea00000 	C:\Windows\System32\USER32.dll
0x00007ffb1dd20000 - 0x00007ffb1dd42000 	C:\Windows\System32\win32u.dll
0x00007ffb1f8d0000 - 0x00007ffb1f8fa000 	C:\Windows\System32\GDI32.dll
0x00007ffb1dd50000 - 0x00007ffb1de5b000 	C:\Windows\System32\gdi32full.dll
0x00007ffb1de60000 - 0x00007ffb1defd000 	C:\Windows\System32\msvcp_win.dll
0x00007ffb1e4f0000 - 0x00007ffb1e5f0000 	C:\Windows\System32\ucrtbase.dll
0x00007ffb0b430000 - 0x00007ffb0b6ca000 	C:\Windows\WinSxS\amd64_microsoft.windows.common-controls_6595b64144ccf1df_6.0.19041.1110_none_60b5254171f9507e\COMCTL32.dll
0x00007ffb201e0000 - 0x00007ffb20210000 	C:\Windows\System32\IMM32.DLL
0x00007ffb19600000 - 0x00007ffb19615000 	C:\Program Files\Java\jdk1.8.0\jre\bin\vcruntime140.dll
0x00007ffb19560000 - 0x00007ffb195fb000 	C:\Program Files\Java\jdk1.8.0\jre\bin\msvcp140.dll
0x0000000066770000 - 0x0000000066fd1000 	C:\Program Files\Java\jdk1.8.0\jre\bin\server\jvm.dll
0x00007ffb20540000 - 0x00007ffb20548000 	C:\Windows\System32\PSAPI.DLL
0x00007ffafaac0000 - 0x00007ffafaac9000 	C:\Windows\SYSTEM32\WSOCK32.dll
0x00007ffb102c0000 - 0x00007ffb102e7000 	C:\Windows\SYSTEM32\WINMM.dll
0x00007ffb1eb30000 - 0x00007ffb1eb9b000 	C:\Windows\System32\WS2_32.dll
0x00007ffb18520000 - 0x00007ffb1852a000 	C:\Windows\SYSTEM32\VERSION.dll
0x00007ffb1c560000 - 0x00007ffb1c572000 	C:\Windows\SYSTEM32\kernel.appcore.dll
0x00007ffb1b170000 - 0x00007ffb1b180000 	C:\Program Files\Java\jdk1.8.0\jre\bin\verify.dll
0x00007ffb19530000 - 0x00007ffb1955b000 	C:\Program Files\Java\jdk1.8.0\jre\bin\java.dll
0x00007ffb0c250000 - 0x00007ffb0c280000 	C:\Program Files\Java\jdk1.8.0\jre\bin\instrument.dll
0x00007ffb19510000 - 0x00007ffb19528000 	C:\Program Files\Java\jdk1.8.0\jre\bin\zip.dll
0x00007ffb1f900000 - 0x00007ffb20044000 	C:\Windows\System32\SHELL32.dll
0x00007ffb1bc40000 - 0x00007ffb1c3d4000 	C:\Windows\SYSTEM32\windows.storage.dll
0x00007ffb1ed80000 - 0x00007ffb1f0d4000 	C:\Windows\System32\combase.dll
0x00007ffb1d6a0000 - 0x00007ffb1d6cc000 	C:\Windows\SYSTEM32\Wldp.dll
0x00007ffb1e6b0000 - 0x00007ffb1e75d000 	C:\Windows\System32\SHCORE.dll
0x00007ffb20330000 - 0x00007ffb20385000 	C:\Windows\System32\shlwapi.dll
0x00007ffb1dbf0000 - 0x00007ffb1dc0f000 	C:\Windows\SYSTEM32\profapi.dll
0x00007ffb06810000 - 0x00007ffb0682a000 	N:\ideas\IntelliJ IDEA 2021.1.3\bin\breakgen64.dll
0x00007ffb194f0000 - 0x00007ffb1950c000 	C:\Program Files\Java\jdk1.8.0\jre\bin\net.dll
0x00007ffb1d3a0000 - 0x00007ffb1d40a000 	C:\Windows\system32\mswsock.dll
0x00007ffb18ee0000 - 0x00007ffb18eed000 	C:\Program Files\Java\jdk1.8.0\jre\bin\management.dll
0x00007ffac16c0000 - 0x00007ffac16d7000 	C:\Windows\system32\napinsp.dll
0x00007ffac16a0000 - 0x00007ffac16bb000 	C:\Windows\system32\pnrpnsp.dll
0x00007ffaf0ac0000 - 0x00007ffaf0ad5000 	C:\Windows\system32\wshbth.dll
0x00007ffb19370000 - 0x00007ffb1938d000 	C:\Windows\system32\NLAapi.dll
0x00007ffb1d090000 - 0x00007ffb1d0cb000 	C:\Windows\SYSTEM32\IPHLPAPI.DLL
0x00007ffb1d0d0000 - 0x00007ffb1d19b000 	C:\Windows\SYSTEM32\DNSAPI.dll
0x00007ffb1ed70000 - 0x00007ffb1ed78000 	C:\Windows\System32\NSI.dll
0x00007ffac1680000 - 0x00007ffac1692000 	C:\Windows\System32\winrnr.dll
0x00007ffb0de40000 - 0x00007ffb0de4a000 	C:\Windows\System32\rasadhlp.dll
0x00007ffb0bef0000 - 0x00007ffb0bf70000 	C:\Windows\System32\fwpuclnt.dll
0x00007ffb1e470000 - 0x00007ffb1e497000 	C:\Windows\System32\bcrypt.dll
0x00007ffb06b00000 - 0x00007ffb06b13000 	C:\Program Files\Java\jdk1.8.0\jre\bin\nio.dll
0x00007ffb1d590000 - 0x00007ffb1d5a8000 	C:\Windows\SYSTEM32\CRYPTSP.dll
0x00007ffb1cd20000 - 0x00007ffb1cd54000 	C:\Windows\system32\rsaenh.dll
0x00007ffb1db70000 - 0x00007ffb1db9e000 	C:\Windows\SYSTEM32\USERENV.dll
0x00007ffb1e3e0000 - 0x00007ffb1e462000 	C:\Windows\System32\bcryptprimitives.dll
0x00007ffb1d5b0000 - 0x00007ffb1d5bc000 	C:\Windows\SYSTEM32\CRYPTBASE.dll
0x00007ffb16e90000 - 0x00007ffb16ea7000 	C:\Windows\SYSTEM32\dhcpcsvc6.DLL
0x00007ffb17290000 - 0x00007ffb172ad000 	C:\Windows\SYSTEM32\dhcpcsvc.DLL
0x00007ffb03630000 - 0x00007ffb03814000 	C:\Windows\SYSTEM32\dbghelp.dll

VM Arguments:
jvm_args: -javaagent:N:\ideas\IntelliJ IDEA 2021.1.3\lib\idea_rt.jar=58364:N:\ideas\IntelliJ IDEA 2021.1.3\bin -Dfile.encoding=UTF-8 
java_command: com.example.shop.ShopApplication
java_class_path (initial): C:\Program Files\Java\jdk1.8.0\jre\lib\charsets.jar;C:\Program Files\Java\jdk1.8.0\jre\lib\deploy.jar;C:\Program Files\Java\jdk1.8.0\jre\lib\ext\access-bridge-64.jar;C:\Program Files\Java\jdk1.8.0\jre\lib\ext\cldrdata.jar;C:\Program Files\Java\jdk1.8.0\jre\lib\ext\dnsns.jar;C:\Program Files\Java\jdk1.8.0\jre\lib\ext\jaccess.jar;C:\Program Files\Java\jdk1.8.0\jre\lib\ext\jfxrt.jar;C:\Program Files\Java\jdk1.8.0\jre\lib\ext\localedata.jar;C:\Program Files\Java\jdk1.8.0\jre\lib\ext\nashorn.jar;C:\Program Files\Java\jdk1.8.0\jre\lib\ext\sunec.jar;C:\Program Files\Java\jdk1.8.0\jre\lib\ext\sunjce_provider.jar;C:\Program Files\Java\jdk1.8.0\jre\lib\ext\sunmscapi.jar;C:\Program Files\Java\jdk1.8.0\jre\lib\ext\sunpkcs11.jar;C:\Program Files\Java\jdk1.8.0\jre\lib\ext\zipfs.jar;C:\Program Files\Java\jdk1.8.0\jre\lib\javaws.jar;C:\Program Files\Java\jdk1.8.0\jre\lib\jce.jar;C:\Program Files\Java\jdk1.8.0\jre\lib\jfr.jar;C:\Program Files\Java\jdk1.8.0\jre\lib\jfxswt.jar;C:\Program Files\Java\jdk1.8.0\jre\lib\jsse.jar;C:\Program Files\Java\jdk1.8.0\jre\lib\management-agent.jar;C:\Program Files\Java\jdk1.8.0\jre\lib\plugin.jar;C:\Program Files\Java\jdk1.8.0\jre\lib\resources.jar;C:\Program Files\Java\jdk1.8.0\jre\lib\rt.jar;N:\rj\shop\target\classes;C:\Users\PCuser\.m2\repository\org\projectlombok\lombok\1.16.10\lombok-1.16.10.jar;C:\Users\PCuser\.m2\repository\org\springframework\boot\spring-boot-starter-web\2.3.2.RELEASE\spring-boot-starter-web-2.3.2.RELEASE.jar;C:\Users\PCuser\.m2\repository\org\springframework\boot\spring-boot-starter\2.3.2.RELEASE\spring-boot-starter-2.3.2.RELEASE.jar;C:\Users\PCuser\.m2\repository\org\springframework\boot\spring-boot\2.3.2.RELEASE\spring-boot-2.3.2.RELEASE.jar;C:\Users\PCuser\.m2\repository\org\springframework\boot\spring-boot-starter-logging\2.3.2.RELEASE\spring-boot-starter-logging-2.3.2.RELEASE.jar;C:\Users\PCuser\.m2\repository\ch\qos\logback\logback-classic\1.2.3\logback-classic-1.2.3.jar;C:\Users\PCuser\.m
Launcher Type: SUN_STANDARD

Environment Variables:
JAVA_HOME=C:\Program Files\Java\jdk1.8.0
PATH=C:\Program Files (x86)\Common Files\Oracle\Java\javapath;C:\Windows\system32;C:\Windows;C:\Windows\System32\Wbem;C:\Windows\System32\WindowsPowerShell\v1.0\;C:\Windows\System32\OpenSSH\;C:\Program Files\MATLAB\R2017b\runtime\win64;C:\Program Files\MATLAB\R2017b\bin;C:\Program Files\IBM\SPSS\Statistics\25\JRE\bin;C:\Program Files\Microsoft SQL Server\Client SDK\ODBC\170\Tools\Binn\;C:\Program Files (x86)\Microsoft SQL Server\150\Tools\Binn\;C:\Program Files\Microsoft SQL Server\150\Tools\Binn\;C:\Program Files\Microsoft SQL Server\150\DTS\Binn\;C:\Program Files (x86)\Microsoft SQL Server\150\DTS\Binn\;C:\Program Files\Azure Data Studio\bin;C:\Program Files\Java\jdk1.8.0\bin;C:\Program Files\Java\jdk1.8.0\jre\bin;C:\Program Files\dotnet\;N:\git\Git\cmd;N:\微信web开发者工具\dll;C:\Users\PCuser\AppData\Local\Microsoft\WindowsApps;;C:\Program Files\JetBrains\PyCharm Community Edition 2022.1\bin;;C:\Program Files\Azure Data Studio\bin;C:\Users\PCuser\.dotnet\tools;N:\ideas\IntelliJ IDEA 2021.1.3\bin;
USERNAME=PCuser
OS=Windows_NT
PROCESSOR_IDENTIFIER=Intel64 Family 6 Model 158 Stepping 10, GenuineIntel



---------------  S Y S T E M  ---------------

OS: Windows 10 , 64 bit Build 19041 (10.0.19041.1741)

CPU:total 6 (initial active 6) (6 cores per cpu, 1 threads per core) family 6 model 158 stepping 10, cmov, cx8, fxsr, mmx, sse, sse2, sse3, ssse3, sse4.1, sse4.2, popcnt, avx, avx2, aes, clmul, erms, rtm, 3dnowpref, lzcnt, tsc, tscinvbit, bmi1, bmi2, adx

Memory: 4k page, physical 8204388k(1151104k free), swap 10301536k(5384k free)

vm_info: Java HotSpot(TM) 64-Bit Server VM (25.333-b02) for windows-amd64 JRE (1.8.0_333-b02), built on Apr 25 2022 22:49:11 by "java_re" with MS VC++ 15.9 (VS2017)

time: Tue Jul 11 14:48:51 2023
timezone: 中国标准时间
elapsed time: 4.311820 seconds (0d 0h 0m 4s)

