#
# There is insufficient memory for the Java Runtime Environment to continue.
# Native memory allocation (malloc) failed to allocate 223136 bytes for Chunk::new
# Possible reasons:
#   The system is out of physical RAM or swap space
#   The process is running with CompressedOops enabled, and the Java Heap may be blocking the growth of the native heap
# Possible solutions:
#   Reduce memory load on the system
#   Increase physical memory or swap space
#   Check if swap backing store is full
#   Decrease Java heap size (-Xmx/-Xms)
#   Decrease number of Java threads
#   Decrease Java thread stack sizes (-Xss)
#   Set larger code cache with -XX:ReservedCodeCacheSize=
#   JVM is running with Unscaled Compressed Oops mode in which the Java heap is
#     placed in the first 4GB address space. The Java Heap base address is the
#     maximum limit for the native heap growth. Please use -XX:HeapBaseMinAddress
#     to set the Java Heap base and to place the Java Heap above 4GB virtual address.
# This output file may be truncated or incomplete.
#
#  Out of Memory Error (allocation.cpp:389), pid=7988, tid=0x00000000000017f4
#
# JRE version: Java(TM) SE Runtime Environment (8.0_333-b02) (build 1.8.0_333-b02)
# Java VM: Java HotSpot(TM) 64-Bit Server VM (25.333-b02 mixed mode windows-amd64 compressed oops)
# Failed to write core dump. Minidumps are not enabled by default on client versions of Windows
#

---------------  T H R E A D  ---------------

Current thread (0x000002343dea1000):  JavaThread "C2 CompilerThread1" daemon [_thread_in_native, id=6132, stack(0x0000004b0f200000,0x0000004b0f300000)]

Stack: [0x0000004b0f200000,0x0000004b0f300000]
Native frames: (J=compiled Java code, j=interpreted, Vv=VM code, C=native code)
V  [jvm.dll+0x32fc49]
V  [jvm.dll+0x2761a2]
V  [jvm.dll+0x276e4d]
V  [jvm.dll+0x26d7f5]
V  [jvm.dll+0xd5a0c]
V  [jvm.dll+0xd620c]
V  [jvm.dll+0x4541c2]
V  [jvm.dll+0x48f27d]
V  [jvm.dll+0x4433b0]
V  [jvm.dll+0x440ffb]
V  [jvm.dll+0x42becb]
V  [jvm.dll+0xac68b]
V  [jvm.dll+0xaaceb]
V  [jvm.dll+0x23e6f2]
V  [jvm.dll+0x292edc]
C  [ucrtbase.dll+0x21bb2]
C  [KERNEL32.DLL+0x17034]
C  [ntdll.dll+0x52651]


Current CompileTask:
C2:    540  635  s    4       sun.misc.URLClassPath::getNextLoader (88 bytes)


---------------  P R O C E S S  ---------------

Java Threads: ( => current thread )
  0x000002343e683800 JavaThread "background-preinit" [_thread_in_native, id=7452, stack(0x0000004b0f600000,0x0000004b0f700000)]
  0x000002343df49000 JavaThread "Service Thread" daemon [_thread_blocked, id=3544, stack(0x0000004b0f400000,0x0000004b0f500000)]
  0x000002343dea4000 JavaThread "C1 CompilerThread2" daemon [_thread_blocked, id=5188, stack(0x0000004b0f300000,0x0000004b0f400000)]
=>0x000002343dea1000 JavaThread "C2 CompilerThread1" daemon [_thread_in_native, id=6132, stack(0x0000004b0f200000,0x0000004b0f300000)]
  0x000002343dea0800 JavaThread "C2 CompilerThread0" daemon [_thread_in_native, id=11252, stack(0x0000004b0f100000,0x0000004b0f200000)]
  0x000002343de9f000 JavaThread "Monitor Ctrl-Break" daemon [_thread_in_native, id=3796, stack(0x0000004b0f000000,0x0000004b0f100000)]
  0x000002343c468000 JavaThread "Attach Listener" daemon [_thread_blocked, id=2152, stack(0x0000004b0ef00000,0x0000004b0f000000)]
  0x000002343c446800 JavaThread "Signal Dispatcher" daemon [_thread_blocked, id=11072, stack(0x0000004b0ee00000,0x0000004b0ef00000)]
  0x000002343c3d1800 JavaThread "Finalizer" daemon [_thread_blocked, id=7448, stack(0x0000004b0ed00000,0x0000004b0ee00000)]
  0x000002343c3c9800 JavaThread "Reference Handler" daemon [_thread_blocked, id=1104, stack(0x0000004b0ec00000,0x0000004b0ed00000)]
  0x0000023426269800 JavaThread "main" [_thread_blocked, id=10348, stack(0x0000004b0e400000,0x0000004b0e500000)]

Other Threads:
  0x000002343c3a0000 VMThread [stack: 0x0000004b0eb00000,0x0000004b0ec00000] [id=8420]
  0x000002343dfcc800 WatcherThread [stack: 0x0000004b0f500000,0x0000004b0f600000] [id=9372]

VM state:not at safepoint (normal execution)

VM Mutex/Monitor currently owned by a thread: None

heap address: 0x0000000082c00000, size: 2004 MB, Compressed Oops mode: 32-bit
Narrow klass base: 0x0000000000000000, Narrow klass shift: 3
Compressed class space size: 1073741824 Address: 0x0000000100000000

Heap:
 PSYoungGen      total 37888K, used 25712K [0x00000000d6400000, 0x00000000d8e00000, 0x0000000100000000)
  eden space 32768K, 78% used [0x00000000d6400000,0x00000000d7d1c028,0x00000000d8400000)
  from space 5120K, 0% used [0x00000000d8900000,0x00000000d8900000,0x00000000d8e00000)
  to   space 5120K, 0% used [0x00000000d8400000,0x00000000d8400000,0x00000000d8900000)
 ParOldGen       total 86016K, used 0K [0x0000000082c00000, 0x0000000088000000, 0x00000000d6400000)
  object space 86016K, 0% used [0x0000000082c00000,0x0000000082c00000,0x0000000088000000)
 Metaspace       used 8964K, capacity 9244K, committed 9344K, reserved 1058816K
  class space    used 1049K, capacity 1122K, committed 1152K, reserved 1048576K

Card table byte_map: [0x0000023437090000,0x0000023437480000] byte_map_base: 0x0000023436c7a000

Marking Bits: (ParMarkBitMap*) 0x0000000053c09030
 Begin Bits: [0x0000023437720000, 0x0000023439670000)
 End Bits:   [0x0000023439670000, 0x000002343b5c0000)

Polling page: 0x0000023426450000

CodeCache: size=245760Kb used=2909Kb max_used=2922Kb free=242850Kb
 bounds [0x0000023427cd0000, 0x0000023427fb0000, 0x0000023436cd0000]
 total_blobs=997 nmethods=679 adapters=231
 compilation: enabled

Compilation events (10 events):
Event: 0.522 Thread 0x000002343dea4000  653       3       java.net.URLStreamHandler::setURL (159 bytes)
Event: 0.522 Thread 0x000002343dea4000 nmethod 653 0x0000023427f970d0 code [0x0000023427f97340, 0x0000023427f98730]
Event: 0.522 Thread 0x000002343dea4000  654       3       java.lang.Integer::<init> (10 bytes)
Event: 0.522 Thread 0x000002343dea4000 nmethod 654 0x0000023427f98fd0 code [0x0000023427f99140, 0x0000023427f99358]
Event: 0.522 Thread 0x000002343dea4000  655       3       java.lang.Thread::interrupted (8 bytes)
Event: 0.522 Thread 0x000002343dea4000 nmethod 655 0x0000023427f99450 code [0x0000023427f995c0, 0x0000023427f99750]
Event: 0.522 Thread 0x000002343dea4000  657       3       java.net.URLClassLoader::getAndVerifyPackage (109 bytes)
Event: 0.523 Thread 0x000002343dea4000 nmethod 657 0x0000023427f99810 code [0x0000023427f99b00, 0x0000023427f9b270]
Event: 0.523 Thread 0x000002343dea4000  660       3       java.util.jar.JarFile::getManifest (5 bytes)
Event: 0.523 Thread 0x000002343dea4000 nmethod 660 0x0000023427f9bc90 code [0x0000023427f9be00, 0x0000023427f9bf90]

GC Heap History (0 events):
No events

Deoptimization events (2 events):
Event: 0.268 Thread 0x0000023426269800 Uncommon trap: reason=null_check action=make_not_entrant pc=0x0000023427de2830 method=java.lang.String.equals(Ljava/lang/Object;)Z @ 8
Event: 0.503 Thread 0x0000023426269800 Uncommon trap: reason=unstable_if action=reinterpret pc=0x0000023427e5fa68 method=java.lang.String.indexOf([CII[CIII)I @ 3

Classes redefined (0 events):
No events

Internal exceptions (10 events):
Event: 0.255 Thread 0x0000023426269800 Exception <a 'java/security/PrivilegedActionException'> (0x00000000d69d4b08) thrown at [C:\jenkins\workspace\8-2-build-windows-amd64-cygwin\jdk8u333\2551\hotspot\src\share\vm\prims\jvm.cpp, line 1523]
Event: 0.255 Thread 0x0000023426269800 Exception <a 'java/security/PrivilegedActionException'> (0x00000000d69d4d18) thrown at [C:\jenkins\workspace\8-2-build-windows-amd64-cygwin\jdk8u333\2551\hotspot\src\share\vm\prims\jvm.cpp, line 1523]
Event: 0.256 Thread 0x0000023426269800 Exception <a 'java/security/PrivilegedActionException'> (0x00000000d69d8988) thrown at [C:\jenkins\workspace\8-2-build-windows-amd64-cygwin\jdk8u333\2551\hotspot\src\share\vm\prims\jvm.cpp, line 1523]
Event: 0.256 Thread 0x0000023426269800 Exception <a 'java/security/PrivilegedActionException'> (0x00000000d69d8b98) thrown at [C:\jenkins\workspace\8-2-build-windows-amd64-cygwin\jdk8u333\2551\hotspot\src\share\vm\prims\jvm.cpp, line 1523]
Event: 0.268 Thread 0x0000023426269800 Implicit null exception at 0x0000023427de2651 to 0x0000023427de2821
Event: 0.289 Thread 0x0000023426269800 Exception <a 'java/io/FileNotFoundException'> (0x00000000d6b1d480) thrown at [C:\jenkins\workspace\8-2-build-windows-amd64-cygwin\jdk8u333\2551\hotspot\src\share\vm\prims\jni.cpp, line 710]
Event: 0.375 Thread 0x0000023426269800 Exception <a 'java/lang/NoSuchFieldError': method resolution failed> (0x00000000d7012030) thrown at [C:\jenkins\workspace\8-2-build-windows-amd64-cygwin\jdk8u333\2551\hotspot\src\share\vm\prims\methodHandles.cpp, line 1169]
Event: 0.376 Thread 0x0000023426269800 Exception <a 'java/lang/NoSuchFieldError': method resolution failed> (0x00000000d701fdd8) thrown at [C:\jenkins\workspace\8-2-build-windows-amd64-cygwin\jdk8u333\2551\hotspot\src\share\vm\prims\methodHandles.cpp, line 1169]
Event: 0.449 Thread 0x0000023426269800 Exception <a 'java/lang/NoSuchMethodError': java.lang.Object.lambda$comparing$77a9974f$1(Ljava/util/function/Function;Ljava/lang/Object;Ljava/lang/Object;)I> (0x00000000d747a160) thrown at [C:\jenkins\workspace\8-2-build-windows-amd64-cygwin\jdk8u333\2551
Event: 0.515 Thread 0x0000023426269800 Exception <a 'java/io/FileNotFoundException'> (0x00000000d79d1fc0) thrown at [C:\jenkins\workspace\8-2-build-windows-amd64-cygwin\jdk8u333\2551\hotspot\src\share\vm\prims\jni.cpp, line 710]

Events (10 events):
Event: 0.522 loading class org/springframework/core/convert/support/MapToMapConverter
Event: 0.522 loading class org/springframework/core/convert/support/MapToMapConverter done
Event: 0.522 loading class org/springframework/core/convert/support/ArrayToStringConverter
Event: 0.522 loading class org/springframework/core/convert/support/ArrayToStringConverter done
Event: 0.522 loading class org/springframework/core/convert/support/CollectionToStringConverter
Event: 0.522 loading class org/springframework/core/convert/support/CollectionToStringConverter done
Event: 0.523 loading class org/springframework/core/convert/support/StringToArrayConverter
Event: 0.523 loading class org/springframework/core/convert/support/StringToArrayConverter done
Event: 0.523 loading class org/springframework/core/convert/support/ArrayToObjectConverter
Event: 0.523 loading class org/springframework/core/convert/support/ArrayToObjectConverter done


Dynamic libraries:
0x00007ff7b3890000 - 0x00007ff7b38d7000 	C:\Program Files\Java\jdk1.8.0\bin\java.exe
0x00007fff8cb30000 - 0x00007fff8cd27000 	C:\Windows\SYSTEM32\ntdll.dll
0x00007fff8ad10000 - 0x00007fff8adcd000 	C:\Windows\System32\KERNEL32.DLL
0x00007fff8a4f0000 - 0x00007fff8a7bd000 	C:\Windows\System32\KERNELBASE.dll
0x00007fff8bff0000 - 0x00007fff8c09e000 	C:\Windows\System32\ADVAPI32.dll
0x00007fff8abf0000 - 0x00007fff8ac8e000 	C:\Windows\System32\msvcrt.dll
0x00007fff8add0000 - 0x00007fff8ae6c000 	C:\Windows\System32\sechost.dll
0x00007fff8c1a0000 - 0x00007fff8c2c5000 	C:\Windows\System32\RPCRT4.dll
0x00007fff8bca0000 - 0x00007fff8be40000 	C:\Windows\System32\USER32.dll
0x00007fff8a7c0000 - 0x00007fff8a7e2000 	C:\Windows\System32\win32u.dll
0x00007fff8b850000 - 0x00007fff8b87a000 	C:\Windows\System32\GDI32.dll
0x00007fff8a2e0000 - 0x00007fff8a3eb000 	C:\Windows\System32\gdi32full.dll
0x00007fff8a820000 - 0x00007fff8a8bd000 	C:\Windows\System32\msvcp_win.dll
0x00007fff8a3f0000 - 0x00007fff8a4f0000 	C:\Windows\System32\ucrtbase.dll
0x00007fff781b0000 - 0x00007fff7844a000 	C:\Windows\WinSxS\amd64_microsoft.windows.common-controls_6595b64144ccf1df_6.0.19041.1110_none_60b5254171f9507e\COMCTL32.dll
0x00007fff8c9a0000 - 0x00007fff8c9d0000 	C:\Windows\System32\IMM32.DLL
0x00007fff65950000 - 0x00007fff65965000 	C:\Program Files\Java\jdk1.8.0\jre\bin\vcruntime140.dll
0x00007fff4ba20000 - 0x00007fff4babb000 	C:\Program Files\Java\jdk1.8.0\jre\bin\msvcp140.dll
0x0000000053420000 - 0x0000000053c81000 	C:\Program Files\Java\jdk1.8.0\jre\bin\server\jvm.dll
0x00007fff8cae0000 - 0x00007fff8cae8000 	C:\Windows\System32\PSAPI.DLL
0x00007fff72700000 - 0x00007fff72709000 	C:\Windows\SYSTEM32\WSOCK32.dll
0x00007fff8bf80000 - 0x00007fff8bfeb000 	C:\Windows\System32\WS2_32.dll
0x00007fff7ee50000 - 0x00007fff7ee77000 	C:\Windows\SYSTEM32\WINMM.dll
0x00007fff84080000 - 0x00007fff8408a000 	C:\Windows\SYSTEM32\VERSION.dll
0x00007fff88b00000 - 0x00007fff88b12000 	C:\Windows\SYSTEM32\kernel.appcore.dll
0x00007fff65b40000 - 0x00007fff65b50000 	C:\Program Files\Java\jdk1.8.0\jre\bin\verify.dll
0x00007fff65920000 - 0x00007fff6594b000 	C:\Program Files\Java\jdk1.8.0\jre\bin\java.dll
0x00007fff85480000 - 0x00007fff854b0000 	C:\Program Files\Java\jdk1.8.0\jre\bin\instrument.dll
0x00007fff64f90000 - 0x00007fff64fa8000 	C:\Program Files\Java\jdk1.8.0\jre\bin\zip.dll
0x00007fff8ae70000 - 0x00007fff8b5b4000 	C:\Windows\System32\SHELL32.dll
0x00007fff88350000 - 0x00007fff88ae4000 	C:\Windows\SYSTEM32\windows.storage.dll
0x00007fff8b880000 - 0x00007fff8bbd4000 	C:\Windows\System32\combase.dll
0x00007fff89c40000 - 0x00007fff89c6c000 	C:\Windows\SYSTEM32\Wldp.dll
0x00007fff8bbf0000 - 0x00007fff8bc9d000 	C:\Windows\System32\SHCORE.dll
0x00007fff8c0a0000 - 0x00007fff8c0f5000 	C:\Windows\System32\shlwapi.dll
0x00007fff8a190000 - 0x00007fff8a1af000 	C:\Windows\SYSTEM32\profapi.dll
0x00007fff847d0000 - 0x00007fff847ea000 	C:\Program Files\JetBrains\IntelliJ IDEA Community Edition 2022.1.3\bin\breakgen64.dll
0x00007fff5a5a0000 - 0x00007fff5a5bc000 	C:\Program Files\Java\jdk1.8.0\jre\bin\net.dll
0x00007fff899a0000 - 0x00007fff89a0a000 	C:\Windows\system32\mswsock.dll
0x00007fff6fd50000 - 0x00007fff6ff34000 	C:\Windows\SYSTEM32\dbghelp.dll
0x00007fff8a250000 - 0x00007fff8a2d2000 	C:\Windows\System32\bcryptPrimitives.dll

VM Arguments:
jvm_args: -javaagent:C:\Program Files\JetBrains\IntelliJ IDEA Community Edition 2022.1.3\lib\idea_rt.jar=56545:C:\Program Files\JetBrains\IntelliJ IDEA Community Edition 2022.1.3\bin -Dfile.encoding=UTF-8 
java_command: com.example.shop.ShopApplication
java_class_path (initial): C:\Program Files\Java\jdk1.8.0\jre\lib\charsets.jar;C:\Program Files\Java\jdk1.8.0\jre\lib\deploy.jar;C:\Program Files\Java\jdk1.8.0\jre\lib\ext\access-bridge-64.jar;C:\Program Files\Java\jdk1.8.0\jre\lib\ext\cldrdata.jar;C:\Program Files\Java\jdk1.8.0\jre\lib\ext\dnsns.jar;C:\Program Files\Java\jdk1.8.0\jre\lib\ext\jaccess.jar;C:\Program Files\Java\jdk1.8.0\jre\lib\ext\jfxrt.jar;C:\Program Files\Java\jdk1.8.0\jre\lib\ext\localedata.jar;C:\Program Files\Java\jdk1.8.0\jre\lib\ext\nashorn.jar;C:\Program Files\Java\jdk1.8.0\jre\lib\ext\sunec.jar;C:\Program Files\Java\jdk1.8.0\jre\lib\ext\sunjce_provider.jar;C:\Program Files\Java\jdk1.8.0\jre\lib\ext\sunmscapi.jar;C:\Program Files\Java\jdk1.8.0\jre\lib\ext\sunpkcs11.jar;C:\Program Files\Java\jdk1.8.0\jre\lib\ext\zipfs.jar;C:\Program Files\Java\jdk1.8.0\jre\lib\javaws.jar;C:\Program Files\Java\jdk1.8.0\jre\lib\jce.jar;C:\Program Files\Java\jdk1.8.0\jre\lib\jfr.jar;C:\Program Files\Java\jdk1.8.0\jre\lib\jfxswt.jar;C:\Program Files\Java\jdk1.8.0\jre\lib\jsse.jar;C:\Program Files\Java\jdk1.8.0\jre\lib\management-agent.jar;C:\Program Files\Java\jdk1.8.0\jre\lib\plugin.jar;C:\Program Files\Java\jdk1.8.0\jre\lib\resources.jar;C:\Program Files\Java\jdk1.8.0\jre\lib\rt.jar;N:\rj\shop\target\classes;C:\Users\PCuser\.m2\repository\org\projectlombok\lombok\1.16.10\lombok-1.16.10.jar;C:\Users\PCuser\.m2\repository\org\springframework\boot\spring-boot-starter-web\2.3.2.RELEASE\spring-boot-starter-web-2.3.2.RELEASE.jar;C:\Users\PCuser\.m2\repository\org\springframework\boot\spring-boot-starter\2.3.2.RELEASE\spring-boot-starter-2.3.2.RELEASE.jar;C:\Users\PCuser\.m2\repository\org\springframework\boot\spring-boot\2.3.2.RELEASE\spring-boot-2.3.2.RELEASE.jar;C:\Users\PCuser\.m2\repository\org\springframework\boot\spring-boot-starter-logging\2.3.2.RELEASE\spring-boot-starter-logging-2.3.2.RELEASE.jar;C:\Users\PCuser\.m2\repository\ch\qos\logback\logback-classic\1.2.3\logback-classic-1.2.3.jar;C:\Users\PCuser\.m
Launcher Type: SUN_STANDARD

Environment Variables:
JAVA_HOME=C:\Program Files\Java\jdk1.8.0
PATH=C:\Program Files (x86)\Common Files\Oracle\Java\javapath;C:\Windows\system32;C:\Windows;C:\Windows\System32\Wbem;C:\Windows\System32\WindowsPowerShell\v1.0\;C:\Windows\System32\OpenSSH\;C:\Program Files\MATLAB\R2017b\runtime\win64;C:\Program Files\MATLAB\R2017b\bin;C:\Program Files\IBM\SPSS\Statistics\25\JRE\bin;C:\Program Files\Microsoft SQL Server\Client SDK\ODBC\170\Tools\Binn\;C:\Program Files (x86)\Microsoft SQL Server\150\Tools\Binn\;C:\Program Files\Microsoft SQL Server\150\Tools\Binn\;C:\Program Files\Microsoft SQL Server\150\DTS\Binn\;C:\Program Files (x86)\Microsoft SQL Server\150\DTS\Binn\;C:\Program Files\Azure Data Studio\bin;C:\Program Files\Java\jdk1.8.0\bin;C:\Program Files\Java\jdk1.8.0\jre\bin;C:\Program Files\dotnet\;N:\git\Git\cmd;C:\Users\PCuser\AppData\Local\Microsoft\WindowsApps;;C:\Program Files\JetBrains\PyCharm Community Edition 2022.1\bin;;C:\Program Files\Azure Data Studio\bin;C:\Users\PCuser\.dotnet\tools
USERNAME=PCuser
OS=Windows_NT
PROCESSOR_IDENTIFIER=Intel64 Family 6 Model 158 Stepping 10, GenuineIntel



---------------  S Y S T E M  ---------------

OS: Windows 10 , 64 bit Build 19041 (10.0.19041.1741)

CPU:total 6 (initial active 6) (6 cores per cpu, 1 threads per core) family 6 model 158 stepping 10, cmov, cx8, fxsr, mmx, sse, sse2, sse3, ssse3, sse4.1, sse4.2, popcnt, avx, avx2, aes, clmul, erms, rtm, 3dnowpref, lzcnt, tsc, tscinvbit, bmi1, bmi2, adx

Memory: 4k page, physical 8204388k(1378360k free), swap 10301536k(4372k free)

vm_info: Java HotSpot(TM) 64-Bit Server VM (25.333-b02) for windows-amd64 JRE (1.8.0_333-b02), built on Apr 25 2022 22:49:11 by "java_re" with MS VC++ 15.9 (VS2017)

time: Tue Jul 11 11:28:59 2023
timezone: 中国标准时间
elapsed time: 0.543884 seconds (0d 0h 0m 0s)

