#
# There is insufficient memory for the Java Runtime Environment to continue.
# Native memory allocation (malloc) failed to allocate 1398016 bytes for Chunk::new
# Possible reasons:
#   The system is out of physical RAM or swap space
#   The process is running with CompressedOops enabled, and the Java Heap may be blocking the growth of the native heap
# Possible solutions:
#   Reduce memory load on the system
#   Increase physical memory or swap space
#   Check if swap backing store is full
#   Decrease Java heap size (-Xmx/-Xms)
#   Decrease number of Java threads
#   Decrease Java thread stack sizes (-Xss)
#   Set larger code cache with -XX:ReservedCodeCacheSize=
#   JVM is running with Unscaled Compressed Oops mode in which the Java heap is
#     placed in the first 4GB address space. The Java Heap base address is the
#     maximum limit for the native heap growth. Please use -XX:HeapBaseMinAddress
#     to set the Java Heap base and to place the Java Heap above 4GB virtual address.
# This output file may be truncated or incomplete.
#
#  Out of Memory Error (allocation.cpp:389), pid=5536, tid=0x0000000000001758
#
# JRE version: Java(TM) SE Runtime Environment (8.0_333-b02) (build 1.8.0_333-b02)
# Java VM: Java HotSpot(TM) 64-Bit Server VM (25.333-b02 mixed mode windows-amd64 compressed oops)
# Failed to write core dump. Minidumps are not enabled by default on client versions of Windows
#

---------------  T H R E A D  ---------------

Current thread (0x0000021952e87000):  JavaThread "C2 CompilerThread0" daemon [_thread_in_native, id=5976, stack(0x000000c820d00000,0x000000c820e00000)]

Stack: [0x000000c820d00000,0x000000c820e00000]
Native frames: (J=compiled Java code, j=interpreted, Vv=VM code, C=native code)
V  [jvm.dll+0x32fc49]
V  [jvm.dll+0x2761a2]
V  [jvm.dll+0x276e4d]
V  [jvm.dll+0x26d7f5]
V  [jvm.dll+0xd5a0c]
V  [jvm.dll+0xd620c]
V  [jvm.dll+0x4541c2]
V  [jvm.dll+0x48f27d]
V  [jvm.dll+0x443e51]
V  [jvm.dll+0x440ffb]
V  [jvm.dll+0x42becb]
V  [jvm.dll+0xac68b]
V  [jvm.dll+0xaaceb]
V  [jvm.dll+0x23e6f2]
V  [jvm.dll+0x292edc]
C  [ucrtbase.dll+0x21bb2]
C  [KERNEL32.DLL+0x17034]
C  [ntdll.dll+0x52651]


Current CompileTask:
C2: 368675 4469       4       java.net.URLClassLoader$1::run (5 bytes)


---------------  P R O C E S S  ---------------

Java Threads: ( => current thread )
  0x00000219574c0800 JavaThread "DestroyJavaVM" [_thread_blocked, id=13816, stack(0x000000c820000000,0x000000c820100000)]
  0x00000219574c0000 JavaThread "http-nio-8080-Acceptor" daemon [_thread_in_native, id=13444, stack(0x000000c822400000,0x000000c822500000)]
  0x00000219574bf000 JavaThread "http-nio-8080-ClientPoller" daemon [_thread_in_native, id=11432, stack(0x000000c822300000,0x000000c822400000)]
  0x00000219574be800 JavaThread "http-nio-8080-exec-10" daemon [_thread_blocked, id=11976, stack(0x000000c822200000,0x000000c822300000)]
  0x00000219574bc000 JavaThread "http-nio-8080-exec-9" daemon [_thread_blocked, id=14096, stack(0x000000c822100000,0x000000c822200000)]
  0x00000219574bd800 JavaThread "http-nio-8080-exec-8" daemon [_thread_blocked, id=14060, stack(0x000000c822000000,0x000000c822100000)]
  0x00000219574bb800 JavaThread "http-nio-8080-exec-7" daemon [_thread_blocked, id=9800, stack(0x000000c821f00000,0x000000c822000000)]
  0x0000021956356000 JavaThread "http-nio-8080-exec-6" daemon [_thread_blocked, id=8328, stack(0x000000c821e00000,0x000000c821f00000)]
  0x0000021956355000 JavaThread "http-nio-8080-exec-5" daemon [_thread_blocked, id=9356, stack(0x000000c821d00000,0x000000c821e00000)]
  0x0000021956356800 JavaThread "http-nio-8080-exec-4" daemon [_thread_blocked, id=2912, stack(0x000000c821c00000,0x000000c821d00000)]
  0x0000021956359000 JavaThread "http-nio-8080-exec-3" daemon [_thread_blocked, id=3344, stack(0x000000c821b00000,0x000000c821c00000)]
  0x0000021956358000 JavaThread "http-nio-8080-exec-2" daemon [_thread_blocked, id=10604, stack(0x000000c821a00000,0x000000c821b00000)]
  0x0000021956357800 JavaThread "http-nio-8080-exec-1" daemon [_thread_in_Java, id=4796, stack(0x000000c821900000,0x000000c821a00000)]
  0x0000021956354800 JavaThread "http-nio-8080-BlockPoller" daemon [_thread_in_native, id=6776, stack(0x000000c821800000,0x000000c821900000)]
  0x0000021956359800 JavaThread "Druid-ConnectionPool-Destroy-560990653" daemon [_thread_blocked, id=6840, stack(0x000000c821700000,0x000000c821800000)]
  0x000002195635a800 JavaThread "Druid-ConnectionPool-Create-560990653" daemon [_thread_blocked, id=676, stack(0x000000c821600000,0x000000c821700000)]
  0x0000021956353800 JavaThread "Abandoned connection cleanup thread" daemon [_thread_blocked, id=6136, stack(0x000000c821500000,0x000000c821600000)]
  0x000002195589a800 JavaThread "container-0" [_thread_blocked, id=8452, stack(0x000000c821400000,0x000000c821500000)]
  0x0000021955899800 JavaThread "Catalina-utility-2" [_thread_blocked, id=4084, stack(0x000000c821300000,0x000000c821400000)]
  0x00000219546dc800 JavaThread "Catalina-utility-1" [_thread_blocked, id=12664, stack(0x000000c821200000,0x000000c821300000)]
  0x0000021952f40800 JavaThread "Service Thread" daemon [_thread_blocked, id=10124, stack(0x000000c821000000,0x000000c821100000)]
  0x0000021952e8b000 JavaThread "C1 CompilerThread2" daemon [_thread_blocked, id=14072, stack(0x000000c820f00000,0x000000c821000000)]
  0x0000021952e87800 JavaThread "C2 CompilerThread1" daemon [_thread_in_native, id=5952, stack(0x000000c820e00000,0x000000c820f00000)]
=>0x0000021952e87000 JavaThread "C2 CompilerThread0" daemon [_thread_in_native, id=5976, stack(0x000000c820d00000,0x000000c820e00000)]
  0x0000021952e85800 JavaThread "Monitor Ctrl-Break" daemon [_thread_in_native, id=10160, stack(0x000000c820c00000,0x000000c820d00000)]
  0x000002195142c000 JavaThread "Attach Listener" daemon [_thread_blocked, id=2268, stack(0x000000c820b00000,0x000000c820c00000)]
  0x0000021951419800 JavaThread "Signal Dispatcher" daemon [_thread_blocked, id=6944, stack(0x000000c820a00000,0x000000c820b00000)]
  0x00000219513a5000 JavaThread "Finalizer" daemon [_thread_blocked, id=7800, stack(0x000000c820900000,0x000000c820a00000)]
  0x000002195139d000 JavaThread "Reference Handler" daemon [_thread_blocked, id=13940, stack(0x000000c820800000,0x000000c820900000)]

Other Threads:
  0x0000021951374800 VMThread [stack: 0x000000c820700000,0x000000c820800000] [id=13936]
  0x0000021952feb800 WatcherThread [stack: 0x000000c821100000,0x000000c821200000] [id=13428]

VM state:not at safepoint (normal execution)

VM Mutex/Monitor currently owned by a thread:  ([mutex/lock_event])
[0x000002193b2dab30] SystemDictionary_lock - owner thread: 0x0000000000000000

heap address: 0x0000000082c00000, size: 2004 MB, Compressed Oops mode: 32-bit
Narrow klass base: 0x0000000000000000, Narrow klass shift: 3
Compressed class space size: 1073741824 Address: 0x0000000100000000

Heap:
 PSYoungGen      total 237056K, used 130867K [0x00000000d6400000, 0x00000000e6780000, 0x0000000100000000)
  eden space 214528K, 61% used [0x00000000d6400000,0x00000000de3ccf70,0x00000000e3580000)
  from space 22528K, 0% used [0x00000000e5180000,0x00000000e5180000,0x00000000e6780000)
  to   space 25600K, 0% used [0x00000000e3580000,0x00000000e3580000,0x00000000e4e80000)
 ParOldGen       total 97792K, used 20481K [0x0000000082c00000, 0x0000000088b80000, 0x00000000d6400000)
  object space 97792K, 20% used [0x0000000082c00000,0x0000000084000470,0x0000000088b80000)
 Metaspace       used 44384K, capacity 46654K, committed 46720K, reserved 1089536K
  class space    used 5576K, capacity 5957K, committed 6016K, reserved 1048576K

Card table byte_map: [0x000002194c060000,0x000002194c450000] byte_map_base: 0x000002194bc4a000

Marking Bits: (ParMarkBitMap*) 0x0000000066f59030
 Begin Bits: [0x000002194c6f0000, 0x000002194e640000)
 End Bits:   [0x000002194e640000, 0x0000021950590000)

Polling page: 0x000002193b3f0000

CodeCache: size=245760Kb used=14382Kb max_used=14740Kb free=231377Kb
 bounds [0x000002193cca0000, 0x000002193db40000, 0x000002194bca0000]
 total_blobs=4482 nmethods=3985 adapters=409
 compilation: enabled

Compilation events (10 events):
Event: 368.631 Thread 0x0000021952e8b000 4487   !   3       com.sun.proxy.$Proxy11::value (29 bytes)
Event: 368.631 Thread 0x0000021952e8b000 nmethod 4487 0x000002193cfdc150 code [0x000002193cfdc2e0, 0x000002193cfdc720]
Event: 368.651 Thread 0x0000021952e8b000 4488   !   3       java.beans.Introspector::getPublicDeclaredMethods (140 bytes)
Event: 368.651 Thread 0x0000021952e8b000 nmethod 4488 0x000002193d6e2c90 code [0x000002193d6e2f40, 0x000002193d6e43e0]
Event: 368.652 Thread 0x0000021952e8b000 4489  s!   3       java.beans.PropertyDescriptor::getPropertyType (33 bytes)
Event: 368.652 Thread 0x0000021952e8b000 nmethod 4489 0x000002193ceb0f90 code [0x000002193ceb1180, 0x000002193ceb1c10]
Event: 368.652 Thread 0x0000021952e8b000 4490       1       org.springframework.beans.PropertyValue::getName (5 bytes)
Event: 368.652 Thread 0x0000021952e8b000 nmethod 4490 0x000002193d57ac50 code [0x000002193d57ada0, 0x000002193d57aeb8]
Event: 368.652 Thread 0x0000021952e8b000 4491       3       org.springframework.core.convert.TypeDescriptor::hashCode (8 bytes)
Event: 368.653 Thread 0x0000021952e8b000 nmethod 4491 0x000002193d669f90 code [0x000002193d66a100, 0x000002193d66a3b0]

GC Heap History (10 events):
Event: 1.883 GC heap before
{Heap before GC invocations=8 (full 1):
 PSYoungGen      total 109568K, used 107773K [0x00000000d6400000, 0x00000000dd900000, 0x0000000100000000)
  eden space 100864K, 100% used [0x00000000d6400000,0x00000000dc680000,0x00000000dc680000)
  from space 8704K, 79% used [0x00000000dcf00000,0x00000000dd5bf700,0x00000000dd780000)
  to   space 8704K, 0% used [0x00000000dc680000,0x00000000dc680000,0x00000000dcf00000)
 ParOldGen       total 57344K, used 6939K [0x0000000082c00000, 0x0000000086400000, 0x00000000d6400000)
  object space 57344K, 12% used [0x0000000082c00000,0x00000000832c6c28,0x0000000086400000)
 Metaspace       used 22165K, capacity 23148K, committed 23296K, reserved 1069056K
  class space    used 2744K, capacity 2950K, committed 3072K, reserved 1048576K
Event: 1.898 GC heap after
Heap after GC invocations=8 (full 1):
 PSYoungGen      total 109568K, used 8674K [0x00000000d6400000, 0x00000000e2100000, 0x0000000100000000)
  eden space 100864K, 0% used [0x00000000d6400000,0x00000000d6400000,0x00000000dc680000)
  from space 8704K, 99% used [0x00000000dc680000,0x00000000dcef8ab8,0x00000000dcf00000)
  to   space 15872K, 0% used [0x00000000e1180000,0x00000000e1180000,0x00000000e2100000)
 ParOldGen       total 57344K, used 19586K [0x0000000082c00000, 0x0000000086400000, 0x00000000d6400000)
  object space 57344K, 34% used [0x0000000082c00000,0x0000000083f20a08,0x0000000086400000)
 Metaspace       used 22165K, capacity 23148K, committed 23296K, reserved 1069056K
  class space    used 2744K, capacity 2950K, committed 3072K, reserved 1048576K
}
Event: 2.155 GC heap before
{Heap before GC invocations=9 (full 1):
 PSYoungGen      total 109568K, used 109538K [0x00000000d6400000, 0x00000000e2100000, 0x0000000100000000)
  eden space 100864K, 100% used [0x00000000d6400000,0x00000000dc680000,0x00000000dc680000)
  from space 8704K, 99% used [0x00000000dc680000,0x00000000dcef8ab8,0x00000000dcf00000)
  to   space 15872K, 0% used [0x00000000e1180000,0x00000000e1180000,0x00000000e2100000)
 ParOldGen       total 57344K, used 19586K [0x0000000082c00000, 0x0000000086400000, 0x00000000d6400000)
  object space 57344K, 34% used [0x0000000082c00000,0x0000000083f20a08,0x0000000086400000)
 Metaspace       used 22167K, capacity 23148K, committed 23296K, reserved 1069056K
  class space    used 2744K, capacity 2950K, committed 3072K, reserved 1048576K
Event: 2.167 GC heap after
Heap after GC invocations=9 (full 1):
 PSYoungGen      total 174592K, used 15859K [0x00000000d6400000, 0x00000000e2a80000, 0x0000000100000000)
  eden space 158720K, 0% used [0x00000000d6400000,0x00000000d6400000,0x00000000dff00000)
  from space 15872K, 99% used [0x00000000e1180000,0x00000000e20fcdf8,0x00000000e2100000)
  to   space 18944K, 0% used [0x00000000dff00000,0x00000000dff00000,0x00000000e1180000)
 ParOldGen       total 57344K, used 22280K [0x0000000082c00000, 0x0000000086400000, 0x00000000d6400000)
  object space 57344K, 38% used [0x0000000082c00000,0x00000000841c2268,0x0000000086400000)
 Metaspace       used 22167K, capacity 23148K, committed 23296K, reserved 1069056K
  class space    used 2744K, capacity 2950K, committed 3072K, reserved 1048576K
}
Event: 3.188 GC heap before
{Heap before GC invocations=10 (full 1):
 PSYoungGen      total 174592K, used 174579K [0x00000000d6400000, 0x00000000e2a80000, 0x0000000100000000)
  eden space 158720K, 100% used [0x00000000d6400000,0x00000000dff00000,0x00000000dff00000)
  from space 15872K, 99% used [0x00000000e1180000,0x00000000e20fcdf8,0x00000000e2100000)
  to   space 18944K, 0% used [0x00000000dff00000,0x00000000dff00000,0x00000000e1180000)
 ParOldGen       total 57344K, used 22280K [0x0000000082c00000, 0x0000000086400000, 0x00000000d6400000)
  object space 57344K, 38% used [0x0000000082c00000,0x00000000841c2268,0x0000000086400000)
 Metaspace       used 29126K, capacity 30654K, committed 30848K, reserved 1077248K
  class space    used 3661K, capacity 3955K, committed 3968K, reserved 1048576K
Event: 3.208 GC heap after
Heap after GC invocations=10 (full 1):
 PSYoungGen      total 177664K, used 18928K [0x00000000d6400000, 0x00000000e6b00000, 0x0000000100000000)
  eden space 158720K, 0% used [0x00000000d6400000,0x00000000d6400000,0x00000000dff00000)
  from space 18944K, 99% used [0x00000000dff00000,0x00000000e117c138,0x00000000e1180000)
  to   space 26112K, 0% used [0x00000000e5180000,0x00000000e5180000,0x00000000e6b00000)
 ParOldGen       total 57344K, used 33302K [0x0000000082c00000, 0x0000000086400000, 0x00000000d6400000)
  object space 57344K, 58% used [0x0000000082c00000,0x0000000084c85968,0x0000000086400000)
 Metaspace       used 29126K, capacity 30654K, committed 30848K, reserved 1077248K
  class space    used 3661K, capacity 3955K, committed 3968K, reserved 1048576K
}
Event: 3.562 GC heap before
{Heap before GC invocations=11 (full 1):
 PSYoungGen      total 177664K, used 60511K [0x00000000d6400000, 0x00000000e6b00000, 0x0000000100000000)
  eden space 158720K, 26% used [0x00000000d6400000,0x00000000d8c9bb80,0x00000000dff00000)
  from space 18944K, 99% used [0x00000000dff00000,0x00000000e117c138,0x00000000e1180000)
  to   space 26112K, 0% used [0x00000000e5180000,0x00000000e5180000,0x00000000e6b00000)
 ParOldGen       total 57344K, used 33302K [0x0000000082c00000, 0x0000000086400000, 0x00000000d6400000)
  object space 57344K, 58% used [0x0000000082c00000,0x0000000084c85968,0x0000000086400000)
 Metaspace       used 33624K, capacity 35334K, committed 35416K, reserved 1081344K
  class space    used 4138K, capacity 4443K, committed 4480K, reserved 1048576K
Event: 3.567 GC heap after
Heap after GC invocations=11 (full 1):
 PSYoungGen      total 237056K, used 9212K [0x00000000d6400000, 0x00000000e6780000, 0x0000000100000000)
  eden space 214528K, 0% used [0x00000000d6400000,0x00000000d6400000,0x00000000e3580000)
  from space 22528K, 40% used [0x00000000e5180000,0x00000000e5a7f340,0x00000000e6780000)
  to   space 25600K, 0% used [0x00000000e3580000,0x00000000e3580000,0x00000000e4e80000)
 ParOldGen       total 57344K, used 35622K [0x0000000082c00000, 0x0000000086400000, 0x00000000d6400000)
  object space 57344K, 62% used [0x0000000082c00000,0x0000000084ec9988,0x0000000086400000)
 Metaspace       used 33624K, capacity 35334K, committed 35416K, reserved 1081344K
  class space    used 4138K, capacity 4443K, committed 4480K, reserved 1048576K
}
Event: 3.567 GC heap before
{Heap before GC invocations=12 (full 2):
 PSYoungGen      total 237056K, used 9212K [0x00000000d6400000, 0x00000000e6780000, 0x0000000100000000)
  eden space 214528K, 0% used [0x00000000d6400000,0x00000000d6400000,0x00000000e3580000)
  from space 22528K, 40% used [0x00000000e5180000,0x00000000e5a7f340,0x00000000e6780000)
  to   space 25600K, 0% used [0x00000000e3580000,0x00000000e3580000,0x00000000e4e80000)
 ParOldGen       total 57344K, used 35622K [0x0000000082c00000, 0x0000000086400000, 0x00000000d6400000)
  object space 57344K, 62% used [0x0000000082c00000,0x0000000084ec9988,0x0000000086400000)
 Metaspace       used 33624K, capacity 35334K, committed 35416K, reserved 1081344K
  class space    used 4138K, capacity 4443K, committed 4480K, reserved 1048576K
Event: 3.609 GC heap after
Heap after GC invocations=12 (full 2):
 PSYoungGen      total 237056K, used 0K [0x00000000d6400000, 0x00000000e6780000, 0x0000000100000000)
  eden space 214528K, 0% used [0x00000000d6400000,0x00000000d6400000,0x00000000e3580000)
  from space 22528K, 0% used [0x00000000e5180000,0x00000000e5180000,0x00000000e6780000)
  to   space 25600K, 0% used [0x00000000e3580000,0x00000000e3580000,0x00000000e4e80000)
 ParOldGen       total 97792K, used 20481K [0x0000000082c00000, 0x0000000088b80000, 0x00000000d6400000)
  object space 97792K, 20% used [0x0000000082c00000,0x0000000084000470,0x0000000088b80000)
 Metaspace       used 33624K, capacity 35334K, committed 35416K, reserved 1081344K
  class space    used 4138K, capacity 4443K, committed 4480K, reserved 1048576K
}

Deoptimization events (10 events):
Event: 4.295 Thread 0x000002193b2dd000 Uncommon trap: reason=class_check action=maybe_recompile pc=0x000002193da7b228 method=java.util.HashMap.putVal(ILjava/lang/Object;Ljava/lang/Object;ZZ)Ljava/lang/Object; @ 203
Event: 4.374 Thread 0x000002193b2dd000 Uncommon trap: reason=class_check action=maybe_recompile pc=0x000002193d02c984 method=org.springframework.boot.context.properties.source.ConfigurationPropertyName$Elements.charAt(II)C @ 43
Event: 4.374 Thread 0x000002193b2dd000 Uncommon trap: reason=class_check action=maybe_recompile pc=0x000002193d02c984 method=org.springframework.boot.context.properties.source.ConfigurationPropertyName$Elements.charAt(II)C @ 43
Event: 4.407 Thread 0x000002193b2dd000 Uncommon trap: reason=bimorphic action=maybe_recompile pc=0x000002193d79517c method=java.util.Hashtable.get(Ljava/lang/Object;)Ljava/lang/Object; @ 6
Event: 4.407 Thread 0x000002193b2dd000 Uncommon trap: reason=bimorphic action=maybe_recompile pc=0x000002193d79517c method=java.util.Hashtable.get(Ljava/lang/Object;)Ljava/lang/Object; @ 6
Event: 8.258 Thread 0x0000021956353800 Uncommon trap: reason=unstable_if action=reinterpret pc=0x000002193d841168 method=java.net.URLStreamHandler.parseURL(Ljava/net/URL;Ljava/lang/String;II)V @ 57
Event: 368.563 Thread 0x0000021956357800 Uncommon trap: reason=bimorphic action=maybe_recompile pc=0x000002193d45cc08 method=java.util.HashMap.removeNode(ILjava/lang/Object;Ljava/lang/Object;ZZ)Ljava/util/HashMap$Node; @ 283
Event: 368.563 Thread 0x0000021956357800 Uncommon trap: reason=bimorphic action=maybe_recompile pc=0x000002193d45cc08 method=java.util.HashMap.removeNode(ILjava/lang/Object;Ljava/lang/Object;ZZ)Ljava/util/HashMap$Node; @ 283
Event: 368.604 Thread 0x0000021956357800 Uncommon trap: reason=unstable_if action=reinterpret pc=0x000002193d659494 method=org.springframework.beans.factory.support.AbstractAutowireCapableBeanFactory.determineTargetType(Ljava/lang/String;Lorg/springframework/beans/factory/support/RootBeanDefinit
Event: 368.642 Thread 0x0000021956357800 Uncommon trap: reason=unstable_if action=reinterpret pc=0x000002193d83172c method=java.nio.Buffer.<init>(IIII)V @ 66

Classes redefined (0 events):
No events

Internal exceptions (10 events):
Event: 4.026 Thread 0x000002193b2dd000 Exception <a 'java/lang/ClassNotFoundException': java/lang/ObjectCustomizer> (0x00000000da7415a0) thrown at [C:\jenkins\workspace\8-2-build-windows-amd64-cygwin\jdk8u333\2551\hotspot\src\share\vm\classfile\systemDictionary.cpp, line 212]
Event: 4.027 Thread 0x000002193b2dd000 Exception <a 'java/lang/ClassNotFoundException': org/springframework/dao/support/DaoSupportCustomizer> (0x00000000da75a7f8) thrown at [C:\jenkins\workspace\8-2-build-windows-amd64-cygwin\jdk8u333\2551\hotspot\src\share\vm\classfile\systemDictionary.cpp, l
Event: 4.027 Thread 0x000002193b2dd000 Exception <a 'java/lang/ClassNotFoundException': org/beetl/sql/ext/spring4/BeetlSqlDaoSupportCustomizer> (0x00000000da772160) thrown at [C:\jenkins\workspace\8-2-build-windows-amd64-cygwin\jdk8u333\2551\hotspot\src\share\vm\classfile\systemDictionary.cpp,
Event: 4.028 Thread 0x000002193b2dd000 Exception <a 'java/lang/ClassNotFoundException': org/beetl/sql/ext/spring4/BeetlSqlFactoryBeanCustomizer> (0x00000000da78be50) thrown at [C:\jenkins\workspace\8-2-build-windows-amd64-cygwin\jdk8u333\2551\hotspot\src\share\vm\classfile\systemDictionary.cpp
Event: 4.028 Thread 0x000002193b2dd000 Exception <a 'java/lang/ClassNotFoundException': org/springframework/beans/factory/FactoryBeanCustomizer> (0x00000000da7ac470) thrown at [C:\jenkins\workspace\8-2-build-windows-amd64-cygwin\jdk8u333\2551\hotspot\src\share\vm\classfile\systemDictionary.cpp
Event: 4.028 Thread 0x000002193b2dd000 Exception <a 'java/lang/ClassNotFoundException': org/springframework/beans/factory/InitializingBeanCustomizer> (0x00000000da7c8058) thrown at [C:\jenkins\workspace\8-2-build-windows-amd64-cygwin\jdk8u333\2551\hotspot\src\share\vm\classfile\systemDictionar
Event: 4.111 Thread 0x000002195635a800 Implicit null exception at 0x000002193d876859 to 0x000002193d876ad1
Event: 4.122 Thread 0x000002195635a800 Implicit null exception at 0x000002193d795a82 to 0x000002193d7966c9
Event: 368.651 Thread 0x0000021956357800 Exception <a 'java/lang/ClassNotFoundException': java/lang/ObjectCustomizer> (0x00000000de152988) thrown at [C:\jenkins\workspace\8-2-build-windows-amd64-cygwin\jdk8u333\2551\hotspot\src\share\vm\classfile\systemDictionary.cpp, line 212]
Event: 368.652 Thread 0x0000021956357800 Exception <a 'java/lang/ClassNotFoundException': com/example/shop/bean/UserBeanCustomizer> (0x00000000de16afa8) thrown at [C:\jenkins\workspace\8-2-build-windows-amd64-cygwin\jdk8u333\2551\hotspot\src\share\vm\classfile\systemDictionary.cpp, line 212]

Events (10 events):
Event: 368.655 loading class org/springframework/aop/AfterAdvice
Event: 368.655 loading class org/springframework/aop/AfterAdvice done
Event: 368.655 loading class org/springframework/aop/ThrowsAdvice
Event: 368.655 loading class org/springframework/aop/ThrowsAdvice done
Event: 368.656 loading class org/springframework/aop/framework/ReflectiveMethodInvocation
Event: 368.656 loading class org/springframework/aop/framework/ReflectiveMethodInvocation done
Event: 368.656 loading class org/springframework/aop/ProxyMethodInvocation
Event: 368.656 loading class org/springframework/aop/ProxyMethodInvocation done
Event: 368.657 loading class org/springframework/aop/framework/InterceptorAndDynamicMethodMatcher
Event: 368.657 loading class org/springframework/aop/framework/InterceptorAndDynamicMethodMatcher done


Dynamic libraries:
0x00007ff7a0210000 - 0x00007ff7a0257000 	C:\Program Files\Java\jdk1.8.0\bin\java.exe
0x00007ffb20590000 - 0x00007ffb20787000 	C:\Windows\SYSTEM32\ntdll.dll
0x00007ffb1f1c0000 - 0x00007ffb1f27d000 	C:\Windows\System32\KERNEL32.DLL
0x00007ffb1e060000 - 0x00007ffb1e32d000 	C:\Windows\System32\KERNELBASE.dll
0x00007ffb1ecc0000 - 0x00007ffb1ed6e000 	C:\Windows\System32\ADVAPI32.dll
0x00007ffb20290000 - 0x00007ffb2032e000 	C:\Windows\System32\msvcrt.dll
0x00007ffb1e760000 - 0x00007ffb1e7fc000 	C:\Windows\System32\sechost.dll
0x00007ffb1ea00000 - 0x00007ffb1eb25000 	C:\Windows\System32\RPCRT4.dll
0x00007ffb1e860000 - 0x00007ffb1ea00000 	C:\Windows\System32\USER32.dll
0x00007ffb1dd20000 - 0x00007ffb1dd42000 	C:\Windows\System32\win32u.dll
0x00007ffb1f8d0000 - 0x00007ffb1f8fa000 	C:\Windows\System32\GDI32.dll
0x00007ffb1dd50000 - 0x00007ffb1de5b000 	C:\Windows\System32\gdi32full.dll
0x00007ffb1de60000 - 0x00007ffb1defd000 	C:\Windows\System32\msvcp_win.dll
0x00007ffb1e4f0000 - 0x00007ffb1e5f0000 	C:\Windows\System32\ucrtbase.dll
0x00007ffb0b430000 - 0x00007ffb0b6ca000 	C:\Windows\WinSxS\amd64_microsoft.windows.common-controls_6595b64144ccf1df_6.0.19041.1110_none_60b5254171f9507e\COMCTL32.dll
0x00007ffb201e0000 - 0x00007ffb20210000 	C:\Windows\System32\IMM32.DLL
0x00007ffb19600000 - 0x00007ffb19615000 	C:\Program Files\Java\jdk1.8.0\jre\bin\vcruntime140.dll
0x00007ffb19560000 - 0x00007ffb195fb000 	C:\Program Files\Java\jdk1.8.0\jre\bin\msvcp140.dll
0x0000000066770000 - 0x0000000066fd1000 	C:\Program Files\Java\jdk1.8.0\jre\bin\server\jvm.dll
0x00007ffb20540000 - 0x00007ffb20548000 	C:\Windows\System32\PSAPI.DLL
0x00007ffb18520000 - 0x00007ffb1852a000 	C:\Windows\SYSTEM32\VERSION.dll
0x00007ffafaac0000 - 0x00007ffafaac9000 	C:\Windows\SYSTEM32\WSOCK32.dll
0x00007ffb1eb30000 - 0x00007ffb1eb9b000 	C:\Windows\System32\WS2_32.dll
0x00007ffb102c0000 - 0x00007ffb102e7000 	C:\Windows\SYSTEM32\WINMM.dll
0x00007ffb1c560000 - 0x00007ffb1c572000 	C:\Windows\SYSTEM32\kernel.appcore.dll
0x00007ffb1b170000 - 0x00007ffb1b180000 	C:\Program Files\Java\jdk1.8.0\jre\bin\verify.dll
0x00007ffb19530000 - 0x00007ffb1955b000 	C:\Program Files\Java\jdk1.8.0\jre\bin\java.dll
0x00007ffb18ee0000 - 0x00007ffb18f10000 	C:\Program Files\Java\jdk1.8.0\jre\bin\instrument.dll
0x00007ffb19510000 - 0x00007ffb19528000 	C:\Program Files\Java\jdk1.8.0\jre\bin\zip.dll
0x00007ffb1f900000 - 0x00007ffb20044000 	C:\Windows\System32\SHELL32.dll
0x00007ffb1bc40000 - 0x00007ffb1c3d4000 	C:\Windows\SYSTEM32\windows.storage.dll
0x00007ffb1ed80000 - 0x00007ffb1f0d4000 	C:\Windows\System32\combase.dll
0x00007ffb1d6a0000 - 0x00007ffb1d6cc000 	C:\Windows\SYSTEM32\Wldp.dll
0x00007ffb1e6b0000 - 0x00007ffb1e75d000 	C:\Windows\System32\SHCORE.dll
0x00007ffb20330000 - 0x00007ffb20385000 	C:\Windows\System32\shlwapi.dll
0x00007ffb1dbf0000 - 0x00007ffb1dc0f000 	C:\Windows\SYSTEM32\profapi.dll
0x00007ffb0c240000 - 0x00007ffb0c25a000 	N:\ideas\IntelliJ IDEA 2021.1.3\bin\breakgen64.dll
0x00007ffb194f0000 - 0x00007ffb1950c000 	C:\Program Files\Java\jdk1.8.0\jre\bin\net.dll
0x00007ffb1d3a0000 - 0x00007ffb1d40a000 	C:\Windows\system32\mswsock.dll
0x00007ffb0cdb0000 - 0x00007ffb0cdbd000 	C:\Program Files\Java\jdk1.8.0\jre\bin\management.dll
0x00007ffac16c0000 - 0x00007ffac16d7000 	C:\Windows\system32\napinsp.dll
0x00007ffac16a0000 - 0x00007ffac16bb000 	C:\Windows\system32\pnrpnsp.dll
0x00007ffaf0ac0000 - 0x00007ffaf0ad5000 	C:\Windows\system32\wshbth.dll
0x00007ffb19370000 - 0x00007ffb1938d000 	C:\Windows\system32\NLAapi.dll
0x00007ffb1d090000 - 0x00007ffb1d0cb000 	C:\Windows\SYSTEM32\IPHLPAPI.DLL
0x00007ffb1d0d0000 - 0x00007ffb1d19b000 	C:\Windows\SYSTEM32\DNSAPI.dll
0x00007ffb1ed70000 - 0x00007ffb1ed78000 	C:\Windows\System32\NSI.dll
0x00007ffac1680000 - 0x00007ffac1692000 	C:\Windows\System32\winrnr.dll
0x00007ffb0de40000 - 0x00007ffb0de4a000 	C:\Windows\System32\rasadhlp.dll
0x00007ffb0bef0000 - 0x00007ffb0bf70000 	C:\Windows\System32\fwpuclnt.dll
0x00007ffb1e470000 - 0x00007ffb1e497000 	C:\Windows\System32\bcrypt.dll
0x00007ffb0c260000 - 0x00007ffb0c273000 	C:\Program Files\Java\jdk1.8.0\jre\bin\nio.dll
0x00007ffb1d590000 - 0x00007ffb1d5a8000 	C:\Windows\SYSTEM32\CRYPTSP.dll
0x00007ffb1cd20000 - 0x00007ffb1cd54000 	C:\Windows\system32\rsaenh.dll
0x00007ffb1db70000 - 0x00007ffb1db9e000 	C:\Windows\SYSTEM32\USERENV.dll
0x00007ffb1e3e0000 - 0x00007ffb1e462000 	C:\Windows\System32\bcryptprimitives.dll
0x00007ffb1d5b0000 - 0x00007ffb1d5bc000 	C:\Windows\SYSTEM32\CRYPTBASE.dll
0x00007ffb16e90000 - 0x00007ffb16ea7000 	C:\Windows\SYSTEM32\dhcpcsvc6.DLL
0x00007ffb17290000 - 0x00007ffb172ad000 	C:\Windows\SYSTEM32\dhcpcsvc.DLL
0x00007ffb03630000 - 0x00007ffb03814000 	C:\Windows\SYSTEM32\dbghelp.dll

VM Arguments:
jvm_args: -javaagent:N:\ideas\IntelliJ IDEA 2021.1.3\lib\idea_rt.jar=52920:N:\ideas\IntelliJ IDEA 2021.1.3\bin -Dfile.encoding=UTF-8 
java_command: com.example.shop.ShopApplication
java_class_path (initial): C:\Program Files\Java\jdk1.8.0\jre\lib\charsets.jar;C:\Program Files\Java\jdk1.8.0\jre\lib\deploy.jar;C:\Program Files\Java\jdk1.8.0\jre\lib\ext\access-bridge-64.jar;C:\Program Files\Java\jdk1.8.0\jre\lib\ext\cldrdata.jar;C:\Program Files\Java\jdk1.8.0\jre\lib\ext\dnsns.jar;C:\Program Files\Java\jdk1.8.0\jre\lib\ext\jaccess.jar;C:\Program Files\Java\jdk1.8.0\jre\lib\ext\jfxrt.jar;C:\Program Files\Java\jdk1.8.0\jre\lib\ext\localedata.jar;C:\Program Files\Java\jdk1.8.0\jre\lib\ext\nashorn.jar;C:\Program Files\Java\jdk1.8.0\jre\lib\ext\sunec.jar;C:\Program Files\Java\jdk1.8.0\jre\lib\ext\sunjce_provider.jar;C:\Program Files\Java\jdk1.8.0\jre\lib\ext\sunmscapi.jar;C:\Program Files\Java\jdk1.8.0\jre\lib\ext\sunpkcs11.jar;C:\Program Files\Java\jdk1.8.0\jre\lib\ext\zipfs.jar;C:\Program Files\Java\jdk1.8.0\jre\lib\javaws.jar;C:\Program Files\Java\jdk1.8.0\jre\lib\jce.jar;C:\Program Files\Java\jdk1.8.0\jre\lib\jfr.jar;C:\Program Files\Java\jdk1.8.0\jre\lib\jfxswt.jar;C:\Program Files\Java\jdk1.8.0\jre\lib\jsse.jar;C:\Program Files\Java\jdk1.8.0\jre\lib\management-agent.jar;C:\Program Files\Java\jdk1.8.0\jre\lib\plugin.jar;C:\Program Files\Java\jdk1.8.0\jre\lib\resources.jar;C:\Program Files\Java\jdk1.8.0\jre\lib\rt.jar;N:\rj\shop\target\classes;C:\Users\PCuser\.m2\repository\org\projectlombok\lombok\1.16.10\lombok-1.16.10.jar;C:\Users\PCuser\.m2\repository\org\springframework\boot\spring-boot-starter-web\2.3.2.RELEASE\spring-boot-starter-web-2.3.2.RELEASE.jar;C:\Users\PCuser\.m2\repository\org\springframework\boot\spring-boot-starter\2.3.2.RELEASE\spring-boot-starter-2.3.2.RELEASE.jar;C:\Users\PCuser\.m2\repository\org\springframework\boot\spring-boot\2.3.2.RELEASE\spring-boot-2.3.2.RELEASE.jar;C:\Users\PCuser\.m2\repository\org\springframework\boot\spring-boot-starter-logging\2.3.2.RELEASE\spring-boot-starter-logging-2.3.2.RELEASE.jar;C:\Users\PCuser\.m2\repository\ch\qos\logback\logback-classic\1.2.3\logback-classic-1.2.3.jar;C:\Users\PCuser\.m
Launcher Type: SUN_STANDARD

Environment Variables:
JAVA_HOME=C:\Program Files\Java\jdk1.8.0
PATH=C:\Program Files (x86)\Common Files\Oracle\Java\javapath;C:\Windows\system32;C:\Windows;C:\Windows\System32\Wbem;C:\Windows\System32\WindowsPowerShell\v1.0\;C:\Windows\System32\OpenSSH\;C:\Program Files\MATLAB\R2017b\runtime\win64;C:\Program Files\MATLAB\R2017b\bin;C:\Program Files\IBM\SPSS\Statistics\25\JRE\bin;C:\Program Files\Microsoft SQL Server\Client SDK\ODBC\170\Tools\Binn\;C:\Program Files (x86)\Microsoft SQL Server\150\Tools\Binn\;C:\Program Files\Microsoft SQL Server\150\Tools\Binn\;C:\Program Files\Microsoft SQL Server\150\DTS\Binn\;C:\Program Files (x86)\Microsoft SQL Server\150\DTS\Binn\;C:\Program Files\Azure Data Studio\bin;C:\Program Files\Java\jdk1.8.0\bin;C:\Program Files\Java\jdk1.8.0\jre\bin;C:\Program Files\dotnet\;N:\git\Git\cmd;N:\微信web开发者工具\dll;C:\Users\PCuser\AppData\Local\Microsoft\WindowsApps;;C:\Program Files\JetBrains\PyCharm Community Edition 2022.1\bin;;C:\Program Files\Azure Data Studio\bin;C:\Users\PCuser\.dotnet\tools;N:\ideas\IntelliJ IDEA 2021.1.3\bin;
USERNAME=PCuser
OS=Windows_NT
PROCESSOR_IDENTIFIER=Intel64 Family 6 Model 158 Stepping 10, GenuineIntel



---------------  S Y S T E M  ---------------

OS: Windows 10 , 64 bit Build 19041 (10.0.19041.1741)

CPU:total 6 (initial active 6) (6 cores per cpu, 1 threads per core) family 6 model 158 stepping 10, cmov, cx8, fxsr, mmx, sse, sse2, sse3, ssse3, sse4.1, sse4.2, popcnt, avx, avx2, aes, clmul, erms, rtm, 3dnowpref, lzcnt, tsc, tscinvbit, bmi1, bmi2, adx

Memory: 4k page, physical 8204388k(1201960k free), swap 10301536k(5160k free)

vm_info: Java HotSpot(TM) 64-Bit Server VM (25.333-b02) for windows-amd64 JRE (1.8.0_333-b02), built on Apr 25 2022 22:49:11 by "java_re" with MS VC++ 15.9 (VS2017)

time: Tue Jul 11 14:47:54 2023
timezone: 中国标准时间
elapsed time: 368.680288 seconds (0d 0h 6m 8s)

