#
# There is insufficient memory for the Java Runtime Environment to continue.
# Native memory allocation (malloc) failed to allocate 166016 bytes for Chunk::new
# Possible reasons:
#   The system is out of physical RAM or swap space
#   The process is running with CompressedOops enabled, and the Java Heap may be blocking the growth of the native heap
# Possible solutions:
#   Reduce memory load on the system
#   Increase physical memory or swap space
#   Check if swap backing store is full
#   Decrease Java heap size (-Xmx/-Xms)
#   Decrease number of Java threads
#   Decrease Java thread stack sizes (-Xss)
#   Set larger code cache with -XX:ReservedCodeCacheSize=
#   JVM is running with Unscaled Compressed Oops mode in which the Java heap is
#     placed in the first 4GB address space. The Java Heap base address is the
#     maximum limit for the native heap growth. Please use -XX:HeapBaseMinAddress
#     to set the Java Heap base and to place the Java Heap above 4GB virtual address.
# This output file may be truncated or incomplete.
#
#  Out of Memory Error (allocation.cpp:389), pid=9384, tid=0x00000000000035c0
#
# JRE version: Java(TM) SE Runtime Environment (8.0_333-b02) (build 1.8.0_333-b02)
# Java VM: Java HotSpot(TM) 64-Bit Server VM (25.333-b02 mixed mode windows-amd64 compressed oops)
# Failed to write core dump. Minidumps are not enabled by default on client versions of Windows
#

---------------  T H R E A D  ---------------

Current thread (0x00000175fc6a7000):  JavaThread "C2 CompilerThread1" daemon [_thread_in_native, id=13760, stack(0x00000057d4300000,0x00000057d4400000)]

Stack: [0x00000057d4300000,0x00000057d4400000]
Native frames: (J=compiled Java code, j=interpreted, Vv=VM code, C=native code)
V  [jvm.dll+0x32fc49]
V  [jvm.dll+0x2761a2]
V  [jvm.dll+0x276e4d]
V  [jvm.dll+0x26d7f5]
V  [jvm.dll+0xd5a0c]
V  [jvm.dll+0xd620c]
V  [jvm.dll+0x4541c2]
V  [jvm.dll+0x48f27d]
V  [jvm.dll+0x443e51]
V  [jvm.dll+0x440ffb]
V  [jvm.dll+0x42becb]
V  [jvm.dll+0xac68b]
V  [jvm.dll+0xaaceb]
V  [jvm.dll+0x23e6f2]
V  [jvm.dll+0x292edc]
C  [ucrtbase.dll+0x21bb2]
C  [KERNEL32.DLL+0x17034]
C  [ntdll.dll+0x52651]


Current CompileTask:
C2: 573173 5105       4       java.lang.ClassLoader::preDefineClass (109 bytes)


---------------  P R O C E S S  ---------------

Java Threads: ( => current thread )
  0x00000175fefec800 JavaThread "DestroyJavaVM" [_thread_blocked, id=5636, stack(0x00000057d3500000,0x00000057d3600000)]
  0x00000175911ce000 JavaThread "http-nio-8080-Acceptor" daemon [_thread_in_native, id=8500, stack(0x00000057d5900000,0x00000057d5a00000)]
  0x00000175911cc800 JavaThread "http-nio-8080-ClientPoller" daemon [_thread_in_native, id=6808, stack(0x00000057d5800000,0x00000057d5900000)]
  0x00000175911ca800 JavaThread "http-nio-8080-exec-10" daemon [_thread_blocked, id=4656, stack(0x00000057d5700000,0x00000057d5800000)]
  0x00000175911cb000 JavaThread "http-nio-8080-exec-9" daemon [_thread_blocked, id=148, stack(0x00000057d5600000,0x00000057d5700000)]
  0x00000175911c9800 JavaThread "http-nio-8080-exec-8" daemon [_thread_blocked, id=7112, stack(0x00000057d5500000,0x00000057d5600000)]
  0x00000175911c9000 JavaThread "http-nio-8080-exec-7" daemon [_thread_blocked, id=11432, stack(0x00000057d5400000,0x00000057d5500000)]
  0x00000175911c8000 JavaThread "http-nio-8080-exec-6" daemon [_thread_blocked, id=13628, stack(0x00000057d5300000,0x00000057d5400000)]
  0x00000175911cf000 JavaThread "http-nio-8080-exec-5" daemon [_thread_blocked, id=13404, stack(0x00000057d5200000,0x00000057d5300000)]
  0x00000175911cc000 JavaThread "http-nio-8080-exec-4" daemon [_thread_blocked, id=7924, stack(0x00000057d5100000,0x00000057d5200000)]
  0x00000175911cd800 JavaThread "http-nio-8080-exec-3" daemon [_thread_blocked, id=11252, stack(0x00000057d5000000,0x00000057d5100000)]
  0x00000175fcc78000 JavaThread "http-nio-8080-exec-2" daemon [_thread_blocked, id=12000, stack(0x00000057d4f00000,0x00000057d5000000)]
  0x000001759110d800 JavaThread "http-nio-8080-exec-1" daemon [_thread_blocked, id=10824, stack(0x00000057d4e00000,0x00000057d4f00000)]
  0x00000175fd80a800 JavaThread "http-nio-8080-BlockPoller" daemon [_thread_in_native, id=11668, stack(0x00000057d4d00000,0x00000057d4e00000)]
  0x00000175ff7b9000 JavaThread "Druid-ConnectionPool-Destroy-301601202" daemon [_thread_blocked, id=10096, stack(0x00000057d4c00000,0x00000057d4d00000)]
  0x00000175ff7e1000 JavaThread "Druid-ConnectionPool-Create-301601202" daemon [_thread_blocked, id=10092, stack(0x00000057d4b00000,0x00000057d4c00000)]
  0x00000175ffd03800 JavaThread "Abandoned connection cleanup thread" daemon [_thread_blocked, id=14036, stack(0x00000057d4a00000,0x00000057d4b00000)]
  0x00000175fdb52800 JavaThread "container-0" [_thread_blocked, id=6616, stack(0x00000057d4900000,0x00000057d4a00000)]
  0x00000175fdc7d000 JavaThread "Catalina-utility-2" [_thread_blocked, id=10384, stack(0x00000057d4800000,0x00000057d4900000)]
  0x000001758f2bb800 JavaThread "Catalina-utility-1" [_thread_blocked, id=13960, stack(0x00000057d4700000,0x00000057d4800000)]
  0x00000175fc6df800 JavaThread "Service Thread" daemon [_thread_blocked, id=13956, stack(0x00000057d4500000,0x00000057d4600000)]
  0x00000175fc6ab000 JavaThread "C1 CompilerThread2" daemon [_thread_blocked, id=8240, stack(0x00000057d4400000,0x00000057d4500000)]
=>0x00000175fc6a7000 JavaThread "C2 CompilerThread1" daemon [_thread_in_native, id=13760, stack(0x00000057d4300000,0x00000057d4400000)]
  0x00000175fc6a5000 JavaThread "C2 CompilerThread0" daemon [_thread_blocked, id=11704, stack(0x00000057d4200000,0x00000057d4300000)]
  0x00000175fc6a3800 JavaThread "Monitor Ctrl-Break" daemon [_thread_in_native, id=12400, stack(0x00000057d4100000,0x00000057d4200000)]
  0x00000175fabc6800 JavaThread "Attach Listener" daemon [_thread_blocked, id=9908, stack(0x00000057d4000000,0x00000057d4100000)]
  0x00000175fabc5800 JavaThread "Signal Dispatcher" daemon [_thread_blocked, id=12120, stack(0x00000057d3f00000,0x00000057d4000000)]
  0x00000175fab53800 JavaThread "Finalizer" daemon [_thread_blocked, id=1604, stack(0x00000057d3e00000,0x00000057d3f00000)]
  0x00000175fab4b800 JavaThread "Reference Handler" daemon [_thread_blocked, id=8456, stack(0x00000057d3d00000,0x00000057d3e00000)]

Other Threads:
  0x00000175fab22000 VMThread [stack: 0x00000057d3c00000,0x00000057d3d00000] [id=5548]
  0x00000175fc7c2000 WatcherThread [stack: 0x00000057d4600000,0x00000057d4700000] [id=10632]

VM state:not at safepoint (normal execution)

VM Mutex/Monitor currently owned by a thread: None

heap address: 0x0000000082c00000, size: 2004 MB, Compressed Oops mode: 32-bit
Narrow klass base: 0x0000000000000000, Narrow klass shift: 3
Compressed class space size: 1073741824 Address: 0x0000000100000000

Heap:
 PSYoungGen      total 264192K, used 180284K [0x00000000d6400000, 0x00000000e8080000, 0x0000000100000000)
  eden space 239104K, 75% used [0x00000000d6400000,0x00000000e140f2e0,0x00000000e4d80000)
  from space 25088K, 0% used [0x00000000e6800000,0x00000000e6800000,0x00000000e8080000)
  to   space 26112K, 0% used [0x00000000e4d80000,0x00000000e4d80000,0x00000000e6700000)
 ParOldGen       total 91648K, used 19690K [0x0000000082c00000, 0x0000000088580000, 0x00000000d6400000)
  object space 91648K, 21% used [0x0000000082c00000,0x0000000083f3a808,0x0000000088580000)
 Metaspace       used 48321K, capacity 50743K, committed 50776K, reserved 1093632K
  class space    used 6107K, capacity 6514K, committed 6528K, reserved 1048576K

Card table byte_map: [0x00000175f57e0000,0x00000175f5bd0000] byte_map_base: 0x00000175f53ca000

Marking Bits: (ParMarkBitMap*) 0x000000005ab09030
 Begin Bits: [0x00000175f5e70000, 0x00000175f7dc0000)
 End Bits:   [0x00000175f7dc0000, 0x00000175f9d10000)

Polling page: 0x00000175f53f0000

CodeCache: size=245760Kb used=15057Kb max_used=15251Kb free=230702Kb
 bounds [0x0000017580000000, 0x0000017580fa0000, 0x000001758f000000]
 total_blobs=4833 nmethods=4307 adapters=438
 compilation: enabled

Compilation events (10 events):
Event: 552.444 Thread 0x00000175fc6ab000 nmethod 5103 0x00000175807add50 code [0x00000175807adea0, 0x00000175807adff8]
Event: 570.577 Thread 0x00000175fc6a5000 5104       4       java.util.concurrent.locks.ReentrantLock::unlock (10 bytes)
Event: 570.579 Thread 0x00000175fc6a5000 nmethod 5104 0x00000175807ad890 code [0x00000175807ad9e0, 0x00000175807adb48]
Event: 573.150 Thread 0x00000175fc6a7000 5105       4       java.lang.ClassLoader::preDefineClass (109 bytes)
Event: 573.151 Thread 0x00000175fc6ab000 5106       1       com.alibaba.druid.pool.DruidConnectionHolder::getDataSource (5 bytes)
Event: 573.151 Thread 0x00000175fc6ab000 nmethod 5106 0x00000175807ad5d0 code [0x00000175807ad720, 0x00000175807ad838]
Event: 573.151 Thread 0x00000175fc6ab000 5107       1       java.io.FileDescriptor::access$000 (5 bytes)
Event: 573.151 Thread 0x00000175fc6ab000 nmethod 5107 0x0000017580225510 code [0x0000017580225660, 0x0000017580225758]
Event: 573.151 Thread 0x00000175fc6ab000 5108       3       java.lang.Enum::hashCode (5 bytes)
Event: 573.152 Thread 0x00000175fc6ab000 nmethod 5108 0x00000175801a8dd0 code [0x00000175801a8f40, 0x00000175801a90d0]

GC Heap History (10 events):
Event: 1.894 GC heap before
{Heap before GC invocations=8 (full 1):
 PSYoungGen      total 114688K, used 112925K [0x00000000d6400000, 0x00000000ddc80000, 0x0000000100000000)
  eden space 105984K, 100% used [0x00000000d6400000,0x00000000dcb80000,0x00000000dcb80000)
  from space 8704K, 79% used [0x00000000dd400000,0x00000000ddac7700,0x00000000ddc80000)
  to   space 8704K, 0% used [0x00000000dcb80000,0x00000000dcb80000,0x00000000dd400000)
 ParOldGen       total 54784K, used 6889K [0x0000000082c00000, 0x0000000086180000, 0x00000000d6400000)
  object space 54784K, 12% used [0x0000000082c00000,0x00000000832ba558,0x0000000086180000)
 Metaspace       used 22152K, capacity 23148K, committed 23296K, reserved 1069056K
  class space    used 2744K, capacity 2950K, committed 3072K, reserved 1048576K
Event: 1.910 GC heap after
Heap after GC invocations=8 (full 1):
 PSYoungGen      total 114688K, used 8694K [0x00000000d6400000, 0x00000000e2e80000, 0x0000000100000000)
  eden space 105984K, 0% used [0x00000000d6400000,0x00000000d6400000,0x00000000dcb80000)
  from space 8704K, 99% used [0x00000000dcb80000,0x00000000dd3fdbc0,0x00000000dd400000)
  to   space 15872K, 0% used [0x00000000e1f00000,0x00000000e1f00000,0x00000000e2e80000)
 ParOldGen       total 54784K, used 19926K [0x0000000082c00000, 0x0000000086180000, 0x00000000d6400000)
  object space 54784K, 36% used [0x0000000082c00000,0x0000000083f75bd8,0x0000000086180000)
 Metaspace       used 22152K, capacity 23148K, committed 23296K, reserved 1069056K
  class space    used 2744K, capacity 2950K, committed 3072K, reserved 1048576K
}
Event: 2.193 GC heap before
{Heap before GC invocations=9 (full 1):
 PSYoungGen      total 114688K, used 114678K [0x00000000d6400000, 0x00000000e2e80000, 0x0000000100000000)
  eden space 105984K, 100% used [0x00000000d6400000,0x00000000dcb80000,0x00000000dcb80000)
  from space 8704K, 99% used [0x00000000dcb80000,0x00000000dd3fdbc0,0x00000000dd400000)
  to   space 15872K, 0% used [0x00000000e1f00000,0x00000000e1f00000,0x00000000e2e80000)
 ParOldGen       total 54784K, used 19926K [0x0000000082c00000, 0x0000000086180000, 0x00000000d6400000)
  object space 54784K, 36% used [0x0000000082c00000,0x0000000083f75bd8,0x0000000086180000)
 Metaspace       used 22182K, capacity 23148K, committed 23296K, reserved 1069056K
  class space    used 2752K, capacity 2950K, committed 3072K, reserved 1048576K
Event: 2.206 GC heap after
Heap after GC invocations=9 (full 1):
 PSYoungGen      total 187392K, used 15859K [0x00000000d6400000, 0x00000000e3980000, 0x0000000100000000)
  eden space 171520K, 0% used [0x00000000d6400000,0x00000000d6400000,0x00000000e0b80000)
  from space 15872K, 99% used [0x00000000e1f00000,0x00000000e2e7cf60,0x00000000e2e80000)
  to   space 19968K, 0% used [0x00000000e0b80000,0x00000000e0b80000,0x00000000e1f00000)
 ParOldGen       total 54784K, used 23955K [0x0000000082c00000, 0x0000000086180000, 0x00000000d6400000)
  object space 54784K, 43% used [0x0000000082c00000,0x0000000084364d90,0x0000000086180000)
 Metaspace       used 22182K, capacity 23148K, committed 23296K, reserved 1069056K
  class space    used 2752K, capacity 2950K, committed 3072K, reserved 1048576K
}
Event: 3.282 GC heap before
{Heap before GC invocations=10 (full 1):
 PSYoungGen      total 187392K, used 187379K [0x00000000d6400000, 0x00000000e3980000, 0x0000000100000000)
  eden space 171520K, 100% used [0x00000000d6400000,0x00000000e0b80000,0x00000000e0b80000)
  from space 15872K, 99% used [0x00000000e1f00000,0x00000000e2e7cf60,0x00000000e2e80000)
  to   space 19968K, 0% used [0x00000000e0b80000,0x00000000e0b80000,0x00000000e1f00000)
 ParOldGen       total 54784K, used 23955K [0x0000000082c00000, 0x0000000086180000, 0x00000000d6400000)
  object space 54784K, 43% used [0x0000000082c00000,0x0000000084364d90,0x0000000086180000)
 Metaspace       used 31654K, capacity 33226K, committed 33408K, reserved 1079296K
  class space    used 3870K, capacity 4151K, committed 4224K, reserved 1048576K
Event: 3.301 GC heap after
Heap after GC invocations=10 (full 1):
 PSYoungGen      total 191488K, used 19966K [0x00000000d6400000, 0x00000000e8280000, 0x0000000100000000)
  eden space 171520K, 0% used [0x00000000d6400000,0x00000000d6400000,0x00000000e0b80000)
  from space 19968K, 99% used [0x00000000e0b80000,0x00000000e1eff918,0x00000000e1f00000)
  to   space 27136K, 0% used [0x00000000e6800000,0x00000000e6800000,0x00000000e8280000)
 ParOldGen       total 54784K, used 34357K [0x0000000082c00000, 0x0000000086180000, 0x00000000d6400000)
  object space 54784K, 62% used [0x0000000082c00000,0x0000000084d8d7a8,0x0000000086180000)
 Metaspace       used 31654K, capacity 33226K, committed 33408K, reserved 1079296K
  class space    used 3870K, capacity 4151K, committed 4224K, reserved 1048576K
}
Event: 3.528 GC heap before
{Heap before GC invocations=11 (full 1):
 PSYoungGen      total 191488K, used 40173K [0x00000000d6400000, 0x00000000e8280000, 0x0000000100000000)
  eden space 171520K, 11% used [0x00000000d6400000,0x00000000d77bbe30,0x00000000e0b80000)
  from space 19968K, 99% used [0x00000000e0b80000,0x00000000e1eff918,0x00000000e1f00000)
  to   space 27136K, 0% used [0x00000000e6800000,0x00000000e6800000,0x00000000e8280000)
 ParOldGen       total 54784K, used 34357K [0x0000000082c00000, 0x0000000086180000, 0x00000000d6400000)
  object space 54784K, 62% used [0x0000000082c00000,0x0000000084d8d7a8,0x0000000086180000)
 Metaspace       used 33624K, capacity 35330K, committed 35416K, reserved 1081344K
  class space    used 4136K, capacity 4443K, committed 4480K, reserved 1048576K
Event: 3.535 GC heap after
Heap after GC invocations=11 (full 1):
 PSYoungGen      total 264192K, used 8099K [0x00000000d6400000, 0x00000000e8080000, 0x0000000100000000)
  eden space 239104K, 0% used [0x00000000d6400000,0x00000000d6400000,0x00000000e4d80000)
  from space 25088K, 32% used [0x00000000e6800000,0x00000000e6fe8c48,0x00000000e8080000)
  to   space 26112K, 0% used [0x00000000e4d80000,0x00000000e4d80000,0x00000000e6700000)
 ParOldGen       total 54784K, used 36941K [0x0000000082c00000, 0x0000000086180000, 0x00000000d6400000)
  object space 54784K, 67% used [0x0000000082c00000,0x00000000850137c8,0x0000000086180000)
 Metaspace       used 33624K, capacity 35330K, committed 35416K, reserved 1081344K
  class space    used 4136K, capacity 4443K, committed 4480K, reserved 1048576K
}
Event: 3.535 GC heap before
{Heap before GC invocations=12 (full 2):
 PSYoungGen      total 264192K, used 8099K [0x00000000d6400000, 0x00000000e8080000, 0x0000000100000000)
  eden space 239104K, 0% used [0x00000000d6400000,0x00000000d6400000,0x00000000e4d80000)
  from space 25088K, 32% used [0x00000000e6800000,0x00000000e6fe8c48,0x00000000e8080000)
  to   space 26112K, 0% used [0x00000000e4d80000,0x00000000e4d80000,0x00000000e6700000)
 ParOldGen       total 54784K, used 36941K [0x0000000082c00000, 0x0000000086180000, 0x00000000d6400000)
  object space 54784K, 67% used [0x0000000082c00000,0x00000000850137c8,0x0000000086180000)
 Metaspace       used 33624K, capacity 35330K, committed 35416K, reserved 1081344K
  class space    used 4136K, capacity 4443K, committed 4480K, reserved 1048576K
Event: 3.578 GC heap after
Heap after GC invocations=12 (full 2):
 PSYoungGen      total 264192K, used 0K [0x00000000d6400000, 0x00000000e8080000, 0x0000000100000000)
  eden space 239104K, 0% used [0x00000000d6400000,0x00000000d6400000,0x00000000e4d80000)
  from space 25088K, 0% used [0x00000000e6800000,0x00000000e6800000,0x00000000e8080000)
  to   space 26112K, 0% used [0x00000000e4d80000,0x00000000e4d80000,0x00000000e6700000)
 ParOldGen       total 91648K, used 19690K [0x0000000082c00000, 0x0000000088580000, 0x00000000d6400000)
  object space 91648K, 21% used [0x0000000082c00000,0x0000000083f3a808,0x0000000088580000)
 Metaspace       used 33624K, capacity 35330K, committed 35416K, reserved 1081344K
  class space    used 4136K, capacity 4443K, committed 4480K, reserved 1048576K
}

Deoptimization events (10 events):
Event: 503.380 Thread 0x00000175911c9000 Uncommon trap: reason=unstable_if action=reinterpret pc=0x0000017580b03240 method=java.nio.Buffer.limit(I)Ljava/nio/Buffer; @ 30
Event: 503.381 Thread 0x00000175911c9000 Uncommon trap: reason=unstable_if action=reinterpret pc=0x000001758060b5ac method=java.io.WinNTFileSystem.isLetter(C)Z @ 3
Event: 503.383 Thread 0x00000175911c9000 Uncommon trap: reason=unstable_if action=reinterpret pc=0x0000017580518920 method=org.springframework.util.AntPathMatcher.isPotentialMatch(Ljava/lang/String;[Ljava/lang/String;)Z @ 24
Event: 510.056 Thread 0x00000175911c9800 Uncommon trap: reason=unstable_if action=reinterpret pc=0x0000017580aff82c method=java.nio.Buffer.<init>(IIII)V @ 66
Event: 510.109 Thread 0x00000175911c9800 Uncommon trap: reason=unstable_if action=reinterpret pc=0x0000017580af7bd4 method=java.nio.charset.CoderResult.isOverflow()Z @ 5
Event: 510.212 Thread 0x00000175911cb000 Uncommon trap: reason=null_check action=make_not_entrant pc=0x0000017580b1ea44 method=java.lang.StringCoding.encode(Ljava/lang/String;[CII)[B @ 6
Event: 510.229 Thread 0x00000175911cb000 Uncommon trap: reason=unstable_if action=reinterpret pc=0x000001758035af18 method=java.lang.Character.isHighSurrogate(C)Z @ 3
Event: 510.229 Thread 0x00000175911cb000 Uncommon trap: reason=unstable_if action=reinterpret pc=0x000001758043bd68 method=java.lang.Character.isHighSurrogate(C)Z @ 3
Event: 510.321 Thread 0x00000175911ca800 Uncommon trap: reason=unstable_if action=reinterpret pc=0x00000175806019fc method=java.lang.CharacterDataLatin1.isWhitespace(I)Z @ 14
Event: 510.321 Thread 0x00000175911ca800 Uncommon trap: reason=unstable_if action=reinterpret pc=0x00000175803064bc method=java.lang.CharacterDataLatin1.isWhitespace(I)Z @ 14

Classes redefined (0 events):
No events

Internal exceptions (10 events):
Event: 510.197 Thread 0x00000175911cb000 Exception <a 'java/lang/ClassNotFoundException': com/example/shop/bean/UserBeanBeanInfo> (0x00000000e015af48) thrown at [C:\jenkins\workspace\8-2-build-windows-amd64-cygwin\jdk8u333\2551\hotspot\src\share\vm\classfile\systemDictionary.cpp, line 212]
Event: 510.198 Thread 0x00000175911cb000 Exception <a 'java/lang/ClassNotFoundException': java/lang/ObjectBeanInfo> (0x00000000e01642b8) thrown at [C:\jenkins\workspace\8-2-build-windows-amd64-cygwin\jdk8u333\2551\hotspot\src\share\vm\classfile\systemDictionary.cpp, line 212]
Event: 510.198 Thread 0x00000175911cb000 Exception <a 'java/lang/ClassNotFoundException': java/lang/ObjectCustomizer> (0x00000000e016d098) thrown at [C:\jenkins\workspace\8-2-build-windows-amd64-cygwin\jdk8u333\2551\hotspot\src\share\vm\classfile\systemDictionary.cpp, line 212]
Event: 510.199 Thread 0x00000175911cb000 Exception <a 'java/lang/ClassNotFoundException': com/example/shop/bean/UserBeanCustomizer> (0x00000000e0185380) thrown at [C:\jenkins\workspace\8-2-build-windows-amd64-cygwin\jdk8u333\2551\hotspot\src\share\vm\classfile\systemDictionary.cpp, line 212]
Event: 510.212 Thread 0x00000175911cb000 Implicit null exception at 0x0000017580b1ddce to 0x0000017580b1ea31
Event: 510.318 Thread 0x00000175911ca800 Exception <a 'java/lang/NoClassDefFoundError': org/python/core/PyException> (0x00000000e0c5c140) thrown at [C:\jenkins\workspace\8-2-build-windows-amd64-cygwin\jdk8u333\2551\hotspot\src\share\vm\classfile\systemDictionary.cpp, line 201]
Event: 510.324 Thread 0x00000175911ca800 Exception <a 'java/lang/ClassNotFoundException': com/example/shop/bean/ProductBeanBeanInfo> (0x00000000e0cdd290) thrown at [C:\jenkins\workspace\8-2-build-windows-amd64-cygwin\jdk8u333\2551\hotspot\src\share\vm\classfile\systemDictionary.cpp, line 212]
Event: 510.325 Thread 0x00000175911ca800 Exception <a 'java/lang/ClassNotFoundException': com/example/shop/bean/ProductBeanCustomizer> (0x00000000e0cf2d90) thrown at [C:\jenkins\workspace\8-2-build-windows-amd64-cygwin\jdk8u333\2551\hotspot\src\share\vm\classfile\systemDictionary.cpp, line 212]
Event: 534.312 Thread 0x00000175911cb000 Exception <a 'java/lang/ClassNotFoundException': com/example/shop/bean/CategoryBeanBeanInfo> (0x00000000e1149f18) thrown at [C:\jenkins\workspace\8-2-build-windows-amd64-cygwin\jdk8u333\2551\hotspot\src\share\vm\classfile\systemDictionary.cpp, line 212]
Event: 534.313 Thread 0x00000175911cb000 Exception <a 'java/lang/ClassNotFoundException': com/example/shop/bean/CategoryBeanCustomizer> (0x00000000e115f9f8) thrown at [C:\jenkins\workspace\8-2-build-windows-amd64-cygwin\jdk8u333\2551\hotspot\src\share\vm\classfile\systemDictionary.cpp, line 212]

Events (10 events):
Event: 573.154 Executing VM operation: RevokeBias
Event: 573.154 Executing VM operation: RevokeBias done
Event: 573.154 Executing VM operation: RevokeBias
Event: 573.154 Executing VM operation: RevokeBias done
Event: 573.154 loading class com/fasterxml/jackson/databind/ext/NioPathDeserializer
Event: 573.154 loading class com/fasterxml/jackson/databind/ext/NioPathDeserializer done
Event: 573.154 loading class com/fasterxml/jackson/databind/ext/NioPathSerializer
Event: 573.154 loading class com/fasterxml/jackson/databind/ext/NioPathSerializer done
Event: 573.155 loading class com/fasterxml/jackson/databind/ser/BeanSerializerBuilder
Event: 573.155 loading class com/fasterxml/jackson/databind/ser/BeanSerializerBuilder done


Dynamic libraries:
0x00007ff736df0000 - 0x00007ff736e37000 	C:\Program Files\Java\jdk1.8.0\bin\java.exe
0x00007ffcc0910000 - 0x00007ffcc0b07000 	C:\Windows\SYSTEM32\ntdll.dll
0x00007ffcc0810000 - 0x00007ffcc08cd000 	C:\Windows\System32\KERNEL32.DLL
0x00007ffcbe220000 - 0x00007ffcbe4ed000 	C:\Windows\System32\KERNELBASE.dll
0x00007ffcbeee0000 - 0x00007ffcbef8e000 	C:\Windows\System32\ADVAPI32.dll
0x00007ffcc0420000 - 0x00007ffcc04be000 	C:\Windows\System32\msvcrt.dll
0x00007ffcc0380000 - 0x00007ffcc041c000 	C:\Windows\System32\sechost.dll
0x00007ffcbed90000 - 0x00007ffcbeeb5000 	C:\Windows\System32\RPCRT4.dll
0x00007ffcc0550000 - 0x00007ffcc06f0000 	C:\Windows\System32\USER32.dll
0x00007ffcbe4f0000 - 0x00007ffcbe512000 	C:\Windows\System32\win32u.dll
0x00007ffcbf770000 - 0x00007ffcbf79a000 	C:\Windows\System32\GDI32.dll
0x00007ffcbe030000 - 0x00007ffcbe13b000 	C:\Windows\System32\gdi32full.dll
0x00007ffcbe5d0000 - 0x00007ffcbe66d000 	C:\Windows\System32\msvcp_win.dll
0x00007ffcbe800000 - 0x00007ffcbe900000 	C:\Windows\System32\ucrtbase.dll
0x00007ffcabe20000 - 0x00007ffcac0ba000 	C:\Windows\WinSxS\amd64_microsoft.windows.common-controls_6595b64144ccf1df_6.0.19041.1110_none_60b5254171f9507e\COMCTL32.dll
0x00007ffcc06f0000 - 0x00007ffcc0720000 	C:\Windows\System32\IMM32.DLL
0x00007ffcb83e0000 - 0x00007ffcb83f5000 	C:\Program Files\Java\jdk1.8.0\jre\bin\vcruntime140.dll
0x00007ffca27e0000 - 0x00007ffca287b000 	C:\Program Files\Java\jdk1.8.0\jre\bin\msvcp140.dll
0x000000005a320000 - 0x000000005ab81000 	C:\Program Files\Java\jdk1.8.0\jre\bin\server\jvm.dll
0x00007ffcc0720000 - 0x00007ffcc0728000 	C:\Windows\System32\PSAPI.DLL
0x00007ffcb04a0000 - 0x00007ffcb04c7000 	C:\Windows\SYSTEM32\WINMM.dll
0x00007ffcb7e90000 - 0x00007ffcb7e9a000 	C:\Windows\SYSTEM32\VERSION.dll
0x00007ffca1330000 - 0x00007ffca1339000 	C:\Windows\SYSTEM32\WSOCK32.dll
0x00007ffcc0310000 - 0x00007ffcc037b000 	C:\Windows\System32\WS2_32.dll
0x00007ffcbc8e0000 - 0x00007ffcbc8f2000 	C:\Windows\SYSTEM32\kernel.appcore.dll
0x00007ffcb8470000 - 0x00007ffcb8480000 	C:\Program Files\Java\jdk1.8.0\jre\bin\verify.dll
0x00007ffcacbd0000 - 0x00007ffcacbfb000 	C:\Program Files\Java\jdk1.8.0\jre\bin\java.dll
0x00007ffca5020000 - 0x00007ffca5050000 	C:\Program Files\Java\jdk1.8.0\jre\bin\instrument.dll
0x00007ffcac830000 - 0x00007ffcac848000 	C:\Program Files\Java\jdk1.8.0\jre\bin\zip.dll
0x00007ffcbfbc0000 - 0x00007ffcc0304000 	C:\Windows\System32\SHELL32.dll
0x00007ffcbbfc0000 - 0x00007ffcbc754000 	C:\Windows\SYSTEM32\windows.storage.dll
0x00007ffcbf400000 - 0x00007ffcbf754000 	C:\Windows\System32\combase.dll
0x00007ffcbda20000 - 0x00007ffcbda4c000 	C:\Windows\SYSTEM32\Wldp.dll
0x00007ffcbf7a0000 - 0x00007ffcbf84d000 	C:\Windows\System32\SHCORE.dll
0x00007ffcbed30000 - 0x00007ffcbed85000 	C:\Windows\System32\shlwapi.dll
0x00007ffcbdf70000 - 0x00007ffcbdf8f000 	C:\Windows\SYSTEM32\profapi.dll
0x00007ffca46e0000 - 0x00007ffca46fa000 	N:\ideas\IntelliJ IDEA 2021.1.3\bin\breakgen64.dll
0x00007ffcac810000 - 0x00007ffcac82c000 	C:\Program Files\Java\jdk1.8.0\jre\bin\net.dll
0x00007ffcbd720000 - 0x00007ffcbd78a000 	C:\Windows\system32\mswsock.dll
0x00007ffcae530000 - 0x00007ffcae53d000 	C:\Program Files\Java\jdk1.8.0\jre\bin\management.dll
0x00007ffc7e6c0000 - 0x00007ffc7e6d7000 	C:\Windows\system32\napinsp.dll
0x00007ffc7e6a0000 - 0x00007ffc7e6bb000 	C:\Windows\system32\pnrpnsp.dll
0x00007ffcab700000 - 0x00007ffcab715000 	C:\Windows\system32\wshbth.dll
0x00007ffcb96f0000 - 0x00007ffcb970d000 	C:\Windows\system32\NLAapi.dll
0x00007ffcbd410000 - 0x00007ffcbd44b000 	C:\Windows\SYSTEM32\IPHLPAPI.DLL
0x00007ffcbd450000 - 0x00007ffcbd51b000 	C:\Windows\SYSTEM32\DNSAPI.dll
0x00007ffcbe970000 - 0x00007ffcbe978000 	C:\Windows\System32\NSI.dll
0x00007ffc7e680000 - 0x00007ffc7e692000 	C:\Windows\System32\winrnr.dll
0x00007ffcac6e0000 - 0x00007ffcac6ea000 	C:\Windows\System32\rasadhlp.dll
0x00007ffcac310000 - 0x00007ffcac390000 	C:\Windows\System32\fwpuclnt.dll
0x00007ffcbe7d0000 - 0x00007ffcbe7f7000 	C:\Windows\System32\bcrypt.dll
0x00007ffca5580000 - 0x00007ffca5593000 	C:\Program Files\Java\jdk1.8.0\jre\bin\nio.dll
0x00007ffcbd910000 - 0x00007ffcbd928000 	C:\Windows\SYSTEM32\CRYPTSP.dll
0x00007ffcbd0a0000 - 0x00007ffcbd0d4000 	C:\Windows\system32\rsaenh.dll
0x00007ffcbdef0000 - 0x00007ffcbdf1e000 	C:\Windows\SYSTEM32\USERENV.dll
0x00007ffcbe140000 - 0x00007ffcbe1c2000 	C:\Windows\System32\bcryptprimitives.dll
0x00007ffcbd930000 - 0x00007ffcbd93c000 	C:\Windows\SYSTEM32\CRYPTBASE.dll
0x00007ffcb7250000 - 0x00007ffcb7267000 	C:\Windows\SYSTEM32\dhcpcsvc6.DLL
0x00007ffcb74a0000 - 0x00007ffcb74bd000 	C:\Windows\SYSTEM32\dhcpcsvc.DLL
0x00007ffca2f60000 - 0x00007ffca3144000 	C:\Windows\SYSTEM32\dbghelp.dll

VM Arguments:
jvm_args: -javaagent:N:\ideas\IntelliJ IDEA 2021.1.3\lib\idea_rt.jar=55162:N:\ideas\IntelliJ IDEA 2021.1.3\bin -Dfile.encoding=UTF-8 
java_command: com.example.shop.ShopApplication
java_class_path (initial): C:\Program Files\Java\jdk1.8.0\jre\lib\charsets.jar;C:\Program Files\Java\jdk1.8.0\jre\lib\deploy.jar;C:\Program Files\Java\jdk1.8.0\jre\lib\ext\access-bridge-64.jar;C:\Program Files\Java\jdk1.8.0\jre\lib\ext\cldrdata.jar;C:\Program Files\Java\jdk1.8.0\jre\lib\ext\dnsns.jar;C:\Program Files\Java\jdk1.8.0\jre\lib\ext\jaccess.jar;C:\Program Files\Java\jdk1.8.0\jre\lib\ext\jfxrt.jar;C:\Program Files\Java\jdk1.8.0\jre\lib\ext\localedata.jar;C:\Program Files\Java\jdk1.8.0\jre\lib\ext\nashorn.jar;C:\Program Files\Java\jdk1.8.0\jre\lib\ext\sunec.jar;C:\Program Files\Java\jdk1.8.0\jre\lib\ext\sunjce_provider.jar;C:\Program Files\Java\jdk1.8.0\jre\lib\ext\sunmscapi.jar;C:\Program Files\Java\jdk1.8.0\jre\lib\ext\sunpkcs11.jar;C:\Program Files\Java\jdk1.8.0\jre\lib\ext\zipfs.jar;C:\Program Files\Java\jdk1.8.0\jre\lib\javaws.jar;C:\Program Files\Java\jdk1.8.0\jre\lib\jce.jar;C:\Program Files\Java\jdk1.8.0\jre\lib\jfr.jar;C:\Program Files\Java\jdk1.8.0\jre\lib\jfxswt.jar;C:\Program Files\Java\jdk1.8.0\jre\lib\jsse.jar;C:\Program Files\Java\jdk1.8.0\jre\lib\management-agent.jar;C:\Program Files\Java\jdk1.8.0\jre\lib\plugin.jar;C:\Program Files\Java\jdk1.8.0\jre\lib\resources.jar;C:\Program Files\Java\jdk1.8.0\jre\lib\rt.jar;N:\rj\shop\target\classes;C:\Users\PCuser\.m2\repository\org\projectlombok\lombok\1.16.10\lombok-1.16.10.jar;C:\Users\PCuser\.m2\repository\org\springframework\boot\spring-boot-starter-web\2.3.2.RELEASE\spring-boot-starter-web-2.3.2.RELEASE.jar;C:\Users\PCuser\.m2\repository\org\springframework\boot\spring-boot-starter\2.3.2.RELEASE\spring-boot-starter-2.3.2.RELEASE.jar;C:\Users\PCuser\.m2\repository\org\springframework\boot\spring-boot\2.3.2.RELEASE\spring-boot-2.3.2.RELEASE.jar;C:\Users\PCuser\.m2\repository\org\springframework\boot\spring-boot-starter-logging\2.3.2.RELEASE\spring-boot-starter-logging-2.3.2.RELEASE.jar;C:\Users\PCuser\.m2\repository\ch\qos\logback\logback-classic\1.2.3\logback-classic-1.2.3.jar;C:\Users\PCuser\.m
Launcher Type: SUN_STANDARD

Environment Variables:
JAVA_HOME=C:\Program Files\Java\jdk1.8.0
PATH=C:\Program Files (x86)\Common Files\Oracle\Java\javapath;C:\Windows\system32;C:\Windows;C:\Windows\System32\Wbem;C:\Windows\System32\WindowsPowerShell\v1.0\;C:\Windows\System32\OpenSSH\;C:\Program Files\MATLAB\R2017b\runtime\win64;C:\Program Files\MATLAB\R2017b\bin;C:\Program Files\IBM\SPSS\Statistics\25\JRE\bin;C:\Program Files\Microsoft SQL Server\Client SDK\ODBC\170\Tools\Binn\;C:\Program Files (x86)\Microsoft SQL Server\150\Tools\Binn\;C:\Program Files\Microsoft SQL Server\150\Tools\Binn\;C:\Program Files\Microsoft SQL Server\150\DTS\Binn\;C:\Program Files (x86)\Microsoft SQL Server\150\DTS\Binn\;C:\Program Files\Azure Data Studio\bin;C:\Program Files\Java\jdk1.8.0\bin;C:\Program Files\Java\jdk1.8.0\jre\bin;C:\Program Files\dotnet\;N:\git\Git\cmd;N:\微信web开发者工具\dll;C:\Users\PCuser\AppData\Local\Microsoft\WindowsApps;;C:\Program Files\JetBrains\PyCharm Community Edition 2022.1\bin;;C:\Program Files\Azure Data Studio\bin;C:\Users\PCuser\.dotnet\tools;N:\ideas\IntelliJ IDEA 2021.1.3\bin;
USERNAME=PCuser
OS=Windows_NT
PROCESSOR_IDENTIFIER=Intel64 Family 6 Model 158 Stepping 10, GenuineIntel



---------------  S Y S T E M  ---------------

OS: Windows 10 , 64 bit Build 19041 (10.0.19041.1741)

CPU:total 6 (initial active 6) (6 cores per cpu, 1 threads per core) family 6 model 158 stepping 10, cmov, cx8, fxsr, mmx, sse, sse2, sse3, ssse3, sse4.1, sse4.2, popcnt, avx, avx2, aes, clmul, erms, rtm, 3dnowpref, lzcnt, tsc, tscinvbit, bmi1, bmi2, adx

Memory: 4k page, physical 8204388k(1318676k free), swap 10301536k(4252k free)

vm_info: Java HotSpot(TM) 64-Bit Server VM (25.333-b02) for windows-amd64 JRE (1.8.0_333-b02), built on Apr 25 2022 22:49:11 by "java_re" with MS VC++ 15.9 (VS2017)

time: Tue Jul 11 15:48:21 2023
timezone: 中国标准时间
elapsed time: 573.177905 seconds (0d 0h 9m 33s)

